,number,value,datetime_start,datetime_complete,duration,params_batcher,params_hidden_dim,params_k,params_learning_rate,state
0,0,-109.95837044351859,2024-05-25 11:32:01.842273,2024-05-25 11:32:18.486421,0 days 00:00:16.644148,True,176,4,1.98873001507753e-05,COMPLETE
1,1,-3.3945428567978397,2024-05-25 11:32:18.487421,2024-05-25 11:32:29.094227,0 days 00:00:10.606806,True,432,3,0.004419176259406183,COMPLETE
2,2,-0.7043404076849129,2024-05-25 11:32:29.096227,2024-05-25 11:32:39.124867,0 days 00:00:10.028640,True,144,5,0.005462754015951113,COMPLETE
3,3,-1.0952784220711504,2024-05-25 11:32:39.125866,2024-05-25 11:32:49.781983,0 days 00:00:10.656117,False,416,5,8.822373473108787e-05,COMPLETE
4,4,-1.2933203922912697,2024-05-25 11:32:49.782983,2024-05-25 11:33:00.233532,0 days 00:00:10.450549,True,304,2,0.0034567961023418523,COMPLETE
5,5,-99.36027690389537,2024-05-25 11:33:00.234533,2024-05-25 11:33:11.113880,0 days 00:00:10.879347,True,480,4,0.006639423398299864,COMPLETE
6,6,-5.433722858238336,2024-05-25 11:33:11.115883,2024-05-25 11:33:20.251531,0 days 00:00:09.135648,True,32,2,0.0038614858428985127,COMPLETE
7,7,-0.7120106453800714,2024-05-25 11:33:20.253532,2024-05-25 11:33:31.107522,0 days 00:00:10.853990,False,512,1,0.0026420990896264132,COMPLETE
8,8,-103.60118865592517,2024-05-25 11:33:31.109523,2024-05-25 11:33:41.024329,0 days 00:00:09.914806,True,80,5,0.00010646925055875286,COMPLETE
9,9,-0.6342815575639482,2024-05-25 11:33:41.025328,2024-05-25 11:33:50.955201,0 days 00:00:09.929873,True,64,1,0.00549675467752285,COMPLETE
10,10,-2.0317996927366915,2024-05-25 11:33:50.956200,2024-05-25 11:34:01.250392,0 days 00:00:10.294192,False,272,1,0.0007307972900550462,COMPLETE
11,11,-2.9715955016079114,2024-05-25 11:34:01.251391,2024-05-25 11:34:11.592000,0 days 00:00:10.340609,True,144,3,0.009125052165057193,COMPLETE
12,12,-1.0936705639823328,2024-05-25 11:34:11.594001,2024-05-25 11:34:22.295077,0 days 00:00:10.701076,True,160,4,0.0011348882328082804,COMPLETE
13,13,-7.790969034526567,2024-05-25 11:34:22.296075,2024-05-25 11:34:31.970645,0 days 00:00:09.674570,True,32,2,0.0012181126133971128,COMPLETE
14,14,-2.406055448242697,2024-05-25 11:34:31.971650,2024-05-25 11:34:42.578256,0 days 00:00:10.606606,False,112,1,0.008607515695025847,COMPLETE
15,15,-4.529449379832881,2024-05-25 11:34:42.579256,2024-05-25 11:34:52.691544,0 days 00:00:10.112288,True,192,5,0.0018947685815207747,COMPLETE
16,16,-1.6521891073426862,2024-05-25 11:34:52.692544,2024-05-25 11:35:03.428883,0 days 00:00:10.736339,True,240,3,0.0005351668627910562,COMPLETE
17,17,-1.3125473297521733,2024-05-25 11:35:03.429883,2024-05-25 11:35:13.826673,0 days 00:00:10.396790,True,80,4,0.0019899910117144822,COMPLETE
18,18,-5131810.1910157,2024-05-25 11:35:13.827674,2024-05-25 11:35:24.402756,0 days 00:00:10.575082,False,352,2,0.009614274771865059,COMPLETE
19,19,-2.588647860265515,2024-05-25 11:35:24.404756,2024-05-25 11:35:34.960706,0 days 00:00:10.555950,True,224,3,0.00035098699785000354,COMPLETE
20,20,-6.5682602238948915,2024-05-25 11:35:34.961711,2024-05-25 11:35:45.178330,0 days 00:00:10.216619,True,96,5,0.004744012925186841,COMPLETE
21,21,-121.53149307879293,2024-05-25 11:35:45.179330,2024-05-25 11:35:54.922881,0 days 00:00:09.743551,False,16,1,0.0025634753207909693,COMPLETE
22,22,-1.4129506796082523,2024-05-25 11:35:54.923883,2024-05-25 11:36:05.574219,0 days 00:00:10.650336,False,336,1,0.0023628971048804477,COMPLETE
23,23,-3.2614105615630202,2024-05-25 11:36:05.576221,2024-05-25 11:36:16.546196,0 days 00:00:10.969975,False,496,1,0.004853762536802187,COMPLETE
24,24,-2.3122805962155195,2024-05-25 11:36:16.547196,2024-05-25 11:36:26.689253,0 days 00:00:10.142057,False,112,2,0.0012930221563230587,COMPLETE
25,25,-2.8349255838420846,2024-05-25 11:36:26.691253,2024-05-25 11:36:37.246460,0 days 00:00:10.555207,False,384,1,0.00498326361767575,COMPLETE
26,26,-2.174932100558199,2024-05-25 11:36:37.247460,2024-05-25 11:36:46.890403,0 days 00:00:09.642943,False,64,2,0.002799133872861585,COMPLETE
27,27,-1.7580647193859473,2024-05-25 11:36:46.891404,2024-05-25 11:36:57.027510,0 days 00:00:10.136106,True,224,1,0.006180021467797845,COMPLETE
28,28,-5.206437615638785,2024-05-25 11:36:57.028510,2024-05-25 11:37:07.275197,0 days 00:00:10.246687,False,144,2,0.009684479469262423,COMPLETE
29,29,-2.8118531743012474,2024-05-25 11:37:07.276200,2024-05-25 11:37:17.937607,0 days 00:00:10.661407,True,192,3,0.0017048354664906584,COMPLETE
30,30,-2.989693121861397,2024-05-25 11:37:17.938608,2024-05-25 11:37:28.892061,0 days 00:00:10.953453,True,288,4,0.0028294038612916524,COMPLETE
31,31,-0.8277726293823685,2024-05-25 11:37:28.893066,2024-05-25 11:37:39.359438,0 days 00:00:10.466372,True,160,4,0.0010925586934192317,COMPLETE
32,32,-2.669814033158936,2024-05-25 11:37:39.360438,2024-05-25 11:37:50.066370,0 days 00:00:10.705932,True,176,5,0.0036141883412868416,COMPLETE
33,33,-1.668040587850875,2024-05-25 11:37:50.067372,2024-05-25 11:37:59.633817,0 days 00:00:09.566445,True,48,4,0.0009725911186750605,COMPLETE
34,34,-2.02509713617394,2024-05-25 11:37:59.634810,2024-05-25 11:38:10.881413,0 days 00:00:11.246603,True,448,5,0.0017851256942518795,COMPLETE
35,35,-1.5761659688483802,2024-05-25 11:38:10.882412,2024-05-25 11:38:20.732097,0 days 00:00:09.849685,True,128,4,0.005994510569356619,COMPLETE
36,36,-1.222874703498778,2024-05-25 11:38:20.734099,2024-05-25 11:38:31.670492,0 days 00:00:10.936393,True,208,5,0.0034906906625434744,COMPLETE
37,37,-3.1442329566719196,2024-05-25 11:38:31.671493,2024-05-25 11:38:42.101910,0 days 00:00:10.430417,True,256,4,0.003449879584465284,COMPLETE
38,38,-104.67782700699271,2024-05-25 11:38:42.103911,2024-05-25 11:38:53.216593,0 days 00:00:11.112682,False,448,4,1.236510076553807e-05,COMPLETE
39,39,-1033.5858058113633,2024-05-25 11:38:53.217592,2024-05-25 11:39:04.064287,0 days 00:00:10.846695,True,512,5,0.00604531674621906,COMPLETE
40,40,-2.179400271360479,2024-05-25 11:39:04.066285,2024-05-25 11:39:14.449791,0 days 00:00:10.383506,True,320,3,0.0007135661193747652,COMPLETE
41,41,-1.1776129381093796,2024-05-25 11:39:14.450791,2024-05-25 11:39:24.927600,0 days 00:00:10.476809,True,160,4,0.0013017102898371033,COMPLETE
42,42,-0.9104689141462059,2024-05-25 11:39:24.928599,2024-05-25 11:39:35.385035,0 days 00:00:10.456436,True,160,3,0.0010090159583099293,COMPLETE
43,43,-1.6336257176035478,2024-05-25 11:39:35.386034,2024-05-25 11:39:45.557024,0 days 00:00:10.170990,True,128,3,0.0015776612892206268,COMPLETE
44,44,-2.3949350494595008,2024-05-25 11:39:45.558024,2024-05-25 11:39:55.584704,0 days 00:00:10.026680,True,64,2,0.0008755504207418829,COMPLETE
45,45,-0.42498266014882535,2024-05-25 11:39:55.585703,2024-05-25 11:40:05.382346,0 days 00:00:09.796643,True,176,1,0.0024440317005369225,COMPLETE
46,46,-0.2359639459570484,2024-05-25 11:40:05.383346,2024-05-25 11:40:16.027079,0 days 00:00:10.643733,True,192,1,0.007198106375309787,COMPLETE
47,47,-1.509482839474921,2024-05-25 11:40:16.029083,2024-05-25 11:40:26.740271,0 days 00:00:10.711188,True,256,1,0.007375586290675018,COMPLETE
48,48,-7.736065823956745,2024-05-25 11:40:26.741271,2024-05-25 11:40:37.525096,0 days 00:00:10.783825,False,400,1,0.0076553672364935285,COMPLETE
49,49,-1.0905405594685393,2024-05-25 11:40:37.527095,2024-05-25 11:40:47.708906,0 days 00:00:10.181811,True,192,1,0.004462199912767242,COMPLETE
