,number,value,datetime_start,datetime_complete,duration,params_batcher,params_hidden_dim,params_k,params_learning_rate,state
149,149,-1720.7176504340525,2023-12-27 16:21:56.286486,2023-12-27 16:21:56.504485,0 days 00:00:00.217999,True,448,2,0.0010184224755547526,COMPLETE
150,150,-4547.49724870856,2023-12-27 16:21:56.505485,2023-12-27 16:21:56.734497,0 days 00:00:00.229012,True,480,2,0.0021230950480619322,COMPLETE
151,151,-223.3408481461608,2023-12-27 16:21:56.735495,2023-12-27 16:21:56.964484,0 days 00:00:00.228989,True,512,2,0.0009821519262695722,COMPLETE
152,152,-3509.0232653451103,2023-12-27 16:21:56.965485,2023-12-27 16:21:57.188485,0 days 00:00:00.223000,True,496,2,0.0015891193557154694,COMPLETE
153,153,-2861.560093776553,2023-12-27 16:21:57.189485,2023-12-27 16:21:57.412484,0 days 00:00:00.222999,True,512,2,0.0012929712487131757,COMPLETE
154,154,-720.4791014677882,2023-12-27 16:21:57.413485,2023-12-27 16:21:57.638485,0 days 00:00:00.225000,True,480,2,0.000837806972210639,COMPLETE
155,155,-783.7249420136998,2023-12-27 16:21:57.639485,2023-12-27 16:21:57.871836,0 days 00:00:00.232351,True,512,2,0.0006922263361641192,COMPLETE
156,156,-1897.6636050388256,2023-12-27 16:21:57.872836,2023-12-27 16:21:58.095445,0 days 00:00:00.222609,True,496,2,0.001130690932470351,COMPLETE
157,157,-1825.969023874813,2023-12-27 16:21:58.096445,2023-12-27 16:21:58.331447,0 days 00:00:00.235002,True,464,2,0.0018731478600561896,COMPLETE
158,158,-2826.4011839888917,2023-12-27 16:21:58.332448,2023-12-27 16:21:58.572056,0 days 00:00:00.239608,True,496,2,0.0005849534828971836,COMPLETE
159,159,-856.8092668248468,2023-12-27 16:21:58.573059,2023-12-27 16:21:58.810551,0 days 00:00:00.237492,True,480,2,0.000945571539483894,COMPLETE
160,160,-2534.099507586562,2023-12-27 16:21:58.811550,2023-12-27 16:21:59.045680,0 days 00:00:00.234130,True,512,2,0.0013276101406442383,COMPLETE
161,161,-1815.2061807455198,2023-12-27 16:21:59.046680,2023-12-27 16:21:59.288786,0 days 00:00:00.242106,True,512,2,0.0010860225514578244,COMPLETE
162,162,-319.03621207426374,2023-12-27 16:21:59.289785,2023-12-27 16:21:59.521823,0 days 00:00:00.232038,True,512,2,0.001556579422134502,COMPLETE
163,163,-3489.4579212664366,2023-12-27 16:21:59.522821,2023-12-27 16:21:59.743820,0 days 00:00:00.220999,True,496,2,0.0015878401708177715,COMPLETE
164,164,-1686.9984413175978,2023-12-27 16:21:59.744819,2023-12-27 16:21:59.968413,0 days 00:00:00.223594,True,496,2,0.001457832806042277,COMPLETE
165,165,-2261.0268278955955,2023-12-27 16:21:59.969414,2023-12-27 16:22:00.189651,0 days 00:00:00.220237,True,480,2,0.0017773616416899545,COMPLETE
166,166,-1539.7430167653547,2023-12-27 16:22:00.191652,2023-12-27 16:22:00.422772,0 days 00:00:00.231120,True,512,2,0.0022840165394823605,COMPLETE
167,167,-1489.4684938938403,2023-12-27 16:22:00.423772,2023-12-27 16:22:00.644772,0 days 00:00:00.221000,True,464,2,0.0020471035813538524,COMPLETE
168,168,-907.8524110285965,2023-12-27 16:22:00.645772,2023-12-27 16:22:00.872772,0 days 00:00:00.227000,True,496,2,0.0012168015240661934,COMPLETE
169,169,-1973.5107168484615,2023-12-27 16:22:00.874781,2023-12-27 16:22:01.100889,0 days 00:00:00.226108,True,448,2,0.0015322643223394546,COMPLETE
170,170,-1213.5072263960228,2023-12-27 16:22:01.101889,2023-12-27 16:22:01.338889,0 days 00:00:00.237000,True,512,2,0.0025485533041431263,COMPLETE
171,171,-2959.1687796900005,2023-12-27 16:22:01.340889,2023-12-27 16:22:01.569573,0 days 00:00:00.228684,True,512,2,0.0013245888410330024,COMPLETE
172,172,-1130.2540021613604,2023-12-27 16:22:01.570574,2023-12-27 16:22:01.801574,0 days 00:00:00.231000,True,496,2,0.0009774792702832535,COMPLETE
173,173,-1000.866656933075,2023-12-27 16:22:01.802573,2023-12-27 16:22:02.040084,0 days 00:00:00.237511,True,512,2,0.0010570203078872737,COMPLETE
174,174,-703.2528497574876,2023-12-27 16:22:02.041085,2023-12-27 16:22:02.272267,0 days 00:00:00.231182,True,480,2,0.0008133367465092922,COMPLETE
175,175,-361.82688001586905,2023-12-27 16:22:02.274273,2023-12-27 16:22:02.504207,0 days 00:00:00.229934,True,512,2,0.0016136783489760914,COMPLETE
176,176,-3041.243892727508,2023-12-27 16:22:02.505207,2023-12-27 16:22:02.737207,0 days 00:00:00.232000,True,496,2,0.001663658729598498,COMPLETE
177,177,-2100.693651144965,2023-12-27 16:22:02.738207,2023-12-27 16:22:02.953207,0 days 00:00:00.215000,True,480,2,0.0018616879699686467,COMPLETE
178,178,-952.3825443014002,2023-12-27 16:22:02.954207,2023-12-27 16:22:03.170207,0 days 00:00:00.216000,True,464,2,0.0013938864716880142,COMPLETE
179,179,-1686.79464858588,2023-12-27 16:22:03.171207,2023-12-27 16:22:03.360207,0 days 00:00:00.189000,True,80,2,0.0021381800145220393,COMPLETE
180,180,-206.57610322077326,2023-12-27 16:22:03.361207,2023-12-27 16:22:03.598349,0 days 00:00:00.237142,True,416,4,0.001603171568918998,COMPLETE
181,181,-341.028092546518,2023-12-27 16:22:03.599349,2023-12-27 16:22:03.848347,0 days 00:00:00.248998,True,416,4,0.001568703117681028,COMPLETE
182,182,-370.376420086075,2023-12-27 16:22:03.848347,2023-12-27 16:22:04.098347,0 days 00:00:00.250000,True,416,4,0.0015842011040896934,COMPLETE
183,183,-1422.4740606369126,2023-12-27 16:22:04.099349,2023-12-27 16:22:04.360347,0 days 00:00:00.260998,True,432,4,0.0011945729082231973,COMPLETE
184,184,-1488.5243573081043,2023-12-27 16:22:04.361347,2023-12-27 16:22:04.609348,0 days 00:00:00.248001,True,416,4,0.0014874053803560876,COMPLETE
185,185,-1285.6484350438614,2023-12-27 16:22:04.610354,2023-12-27 16:22:04.847347,0 days 00:00:00.236993,True,400,4,0.0012877227616355134,COMPLETE
186,186,-851.6536888739192,2023-12-27 16:22:04.848347,2023-12-27 16:22:05.101347,0 days 00:00:00.253000,True,416,4,0.0016590808185940325,COMPLETE
187,187,-338.244871628033,2023-12-27 16:22:05.102347,2023-12-27 16:22:05.334353,0 days 00:00:00.232006,True,400,4,0.0019261771052784295,COMPLETE
188,188,-448.35581799207813,2023-12-27 16:22:05.335353,2023-12-27 16:22:05.565465,0 days 00:00:00.230112,True,400,4,0.0019058859126782402,COMPLETE
189,189,-358.817925263655,2023-12-27 16:22:05.566465,2023-12-27 16:22:05.797465,0 days 00:00:00.231000,True,416,4,0.0015676513828515597,COMPLETE
190,190,-323.88061335510446,2023-12-27 16:22:05.798465,2023-12-27 16:22:06.029465,0 days 00:00:00.231000,True,400,4,0.001956897488406134,COMPLETE
191,191,-216.98717129031624,2023-12-27 16:22:06.030465,2023-12-27 16:22:06.249465,0 days 00:00:00.219000,True,400,4,0.0018808436057005662,COMPLETE
192,192,-722.647390974273,2023-12-27 16:22:06.250465,2023-12-27 16:22:06.465465,0 days 00:00:00.215000,True,384,4,0.0020684359260384508,COMPLETE
193,193,-1212.3551603896572,2023-12-27 16:22:06.466465,2023-12-27 16:22:06.687276,0 days 00:00:00.220811,True,400,4,0.002327728522402339,COMPLETE
194,194,-535.9795162000526,2023-12-27 16:22:06.688276,2023-12-27 16:22:06.907986,0 days 00:00:00.219710,True,432,4,0.0017895897810538638,COMPLETE
195,195,-1529.0583522072404,2023-12-27 16:22:06.908987,2023-12-27 16:22:07.123134,0 days 00:00:00.214147,True,384,4,0.001135427635865936,COMPLETE
196,196,-1061.57234490308,2023-12-27 16:22:07.125133,2023-12-27 16:22:07.352342,0 days 00:00:00.227209,True,416,4,0.0014114659616433576,COMPLETE
197,197,-1347.217573052421,2023-12-27 16:22:07.353340,2023-12-27 16:22:07.578338,0 days 00:00:00.224998,True,400,4,0.0004156277200319706,COMPLETE
198,198,-1403.3288871019465,2023-12-27 16:22:07.579338,2023-12-27 16:22:07.811734,0 days 00:00:00.232396,True,416,4,0.0019105317571317612,COMPLETE
199,199,-3075.148425849592,2023-12-27 16:22:07.812734,2023-12-27 16:22:08.042993,0 days 00:00:00.230259,True,384,4,0.0026571869539213392,COMPLETE
