,number,value,datetime_start,datetime_complete,duration,params_batcher,params_hidden_dim,params_k,params_learning_rate,state
150,150,-82.81623806575708,2023-12-27 17:15:03.413897,2023-12-27 17:15:03.690897,0 days 00:00:00.277000,True,224,5,0.0019002290111667923,COMPLETE
151,151,-115.42471025971886,2023-12-27 17:15:03.691896,2023-12-27 17:15:03.949946,0 days 00:00:00.258050,True,32,4,0.0023782494859203194,COMPLETE
152,152,-127.11136401305912,2023-12-27 17:15:03.950946,2023-12-27 17:15:04.299431,0 days 00:00:00.348485,True,272,5,0.0018053580642896517,COMPLETE
153,153,-305.63985424034905,2023-12-27 17:15:04.300431,2023-12-27 17:15:04.554430,0 days 00:00:00.253999,True,304,4,0.002177439221261765,COMPLETE
154,154,-34.809682977197966,2023-12-27 17:15:04.556430,2023-12-27 17:15:04.844209,0 days 00:00:00.287779,True,256,5,0.0014235368783941048,COMPLETE
155,155,-52.7454659914492,2023-12-27 17:15:04.845209,2023-12-27 17:15:05.101575,0 days 00:00:00.256366,True,288,4,0.002750607847127442,COMPLETE
156,156,-82.39379134886491,2023-12-27 17:15:05.101575,2023-12-27 17:15:05.350511,0 days 00:00:00.248936,True,256,4,0.0016245098356433756,COMPLETE
157,157,-40.72028419540598,2023-12-27 17:15:05.352511,2023-12-27 17:15:05.614510,0 days 00:00:00.261999,True,240,5,0.0012169690708582106,COMPLETE
158,158,-51.109162002054525,2023-12-27 17:15:05.615510,2023-12-27 17:15:05.866509,0 days 00:00:00.250999,True,208,4,0.002028800726005087,COMPLETE
159,159,-214.04753890074113,2023-12-27 17:15:05.867509,2023-12-27 17:15:06.112509,0 days 00:00:00.245000,True,224,3,0.002984137126635717,COMPLETE
160,160,-88.16477766982486,2023-12-27 17:15:06.113508,2023-12-27 17:15:06.388507,0 days 00:00:00.274999,True,272,5,0.002428730205772928,COMPLETE
161,161,-33.77560666522946,2023-12-27 17:15:06.389507,2023-12-27 17:15:06.653507,0 days 00:00:00.264000,False,368,4,0.001869398759059467,COMPLETE
162,162,-43.99719860983176,2023-12-27 17:15:06.654507,2023-12-27 17:15:06.908506,0 days 00:00:00.253999,False,240,4,0.0014401231494794052,COMPLETE
163,163,-22.05690948290168,2023-12-27 17:15:06.909506,2023-12-27 17:15:07.158505,0 days 00:00:00.248999,False,144,4,0.002338712113543718,COMPLETE
164,164,-166.7395085746579,2023-12-27 17:15:07.159505,2023-12-27 17:15:07.394503,0 days 00:00:00.234998,False,128,4,0.002210873503677421,COMPLETE
165,165,-12.729822679502785,2023-12-27 17:15:07.395504,2023-12-27 17:15:07.649598,0 days 00:00:00.254094,False,288,4,0.0017179236231067703,COMPLETE
166,166,-66.15077510726834,2023-12-27 17:15:07.650598,2023-12-27 17:15:07.917597,0 days 00:00:00.266999,False,256,4,0.001515439785679499,COMPLETE
167,167,-115.61958141413132,2023-12-27 17:15:07.918597,2023-12-27 17:15:08.175703,0 days 00:00:00.257106,True,272,4,0.0017299781810137188,COMPLETE
168,168,-32.23159916055644,2023-12-27 17:15:08.176704,2023-12-27 17:15:08.453168,0 days 00:00:00.276464,False,320,4,0.0011120235351592704,COMPLETE
169,169,-49.64575808728087,2023-12-27 17:15:08.453168,2023-12-27 17:15:08.718166,0 days 00:00:00.264998,True,288,4,0.0012995553211408268,COMPLETE
170,170,-199.59433443188408,2023-12-27 17:15:08.719167,2023-12-27 17:15:08.982167,0 days 00:00:00.263000,True,288,4,0.002026243613937844,COMPLETE
171,171,-147.54756003803988,2023-12-27 17:15:08.984166,2023-12-27 17:15:09.243165,0 days 00:00:00.258999,False,240,4,0.0025625100290134883,COMPLETE
172,172,-43.29171521605947,2023-12-27 17:15:09.244165,2023-12-27 17:15:09.508165,0 days 00:00:00.264000,False,224,4,0.0016417092431683623,COMPLETE
173,173,-105.89967580790085,2023-12-27 17:15:09.509164,2023-12-27 17:15:09.814421,0 days 00:00:00.305257,False,512,4,0.0018146882142386393,COMPLETE
174,174,-12.283999456457975,2023-12-27 17:15:09.815421,2023-12-27 17:15:10.090480,0 days 00:00:00.275059,False,304,4,0.002261151836180716,COMPLETE
175,175,-508.11038565759253,2023-12-27 17:15:10.091481,2023-12-27 17:15:10.369579,0 days 00:00:00.278098,False,272,4,0.00029541331892404344,COMPLETE
176,176,-156.90711275379795,2023-12-27 17:15:10.370579,2023-12-27 17:15:10.664577,0 days 00:00:00.293998,False,304,5,0.0022588361793854433,COMPLETE
177,177,-89.12943312339846,2023-12-27 17:15:10.665578,2023-12-27 17:15:10.919059,0 days 00:00:00.253481,True,64,4,0.0030424125714079903,COMPLETE
178,178,-132.4302356221382,2023-12-27 17:15:10.921059,2023-12-27 17:15:11.188058,0 days 00:00:00.266999,False,304,4,0.0014389417318415984,COMPLETE
179,179,-163.00668173344712,2023-12-27 17:15:11.189058,2023-12-27 17:15:11.475058,0 days 00:00:00.286000,True,256,5,0.002671649746970898,COMPLETE
180,180,-171.60300241396013,2023-12-27 17:15:11.476057,2023-12-27 17:15:11.753062,0 days 00:00:00.277005,True,288,4,0.00195337953941896,COMPLETE
181,181,-155.1346939100797,2023-12-27 17:15:11.754062,2023-12-27 17:15:12.037128,0 days 00:00:00.283066,False,272,4,0.0017177423827079172,COMPLETE
182,182,-137.89838316423976,2023-12-27 17:15:12.038129,2023-12-27 17:15:12.294178,0 days 00:00:00.256049,False,240,4,0.002082841273699848,COMPLETE
183,183,-191.0182628001473,2023-12-27 17:15:12.295493,2023-12-27 17:15:12.565262,0 days 00:00:00.269769,False,320,4,0.002389853904369897,COMPLETE
184,184,-146.77960399916995,2023-12-27 17:15:12.566262,2023-12-27 17:15:12.840456,0 days 00:00:00.274194,False,288,4,0.0015572971716923028,COMPLETE
185,185,-62.01207054707383,2023-12-27 17:15:12.841456,2023-12-27 17:15:13.110141,0 days 00:00:00.268685,False,256,4,0.00354828216283675,COMPLETE
186,186,-64.12732746298532,2023-12-27 17:15:13.111141,2023-12-27 17:15:13.402269,0 days 00:00:00.291128,True,336,5,0.0013102574427645598,COMPLETE
187,187,-28.486534711659935,2023-12-27 17:15:13.403269,2023-12-27 17:15:13.677482,0 days 00:00:00.274213,True,224,4,0.001879887602480223,COMPLETE
188,188,-128.4135384170399,2023-12-27 17:15:13.678482,2023-12-27 17:15:13.945080,0 days 00:00:00.266598,False,272,1,0.002734042141434182,COMPLETE
189,189,-53.757189548780424,2023-12-27 17:15:13.946080,2023-12-27 17:15:14.242318,0 days 00:00:00.296238,True,192,5,0.002222298711008893,COMPLETE
190,190,-120.46167254982645,2023-12-27 17:15:14.243782,2023-12-27 17:15:14.514222,0 days 00:00:00.270440,True,256,4,0.001601374953192149,COMPLETE
191,191,-30.09877693965463,2023-12-27 17:15:14.515222,2023-12-27 17:15:14.781973,0 days 00:00:00.266751,False,160,4,0.002318539267870312,COMPLETE
192,192,-58.832193667210845,2023-12-27 17:15:14.782974,2023-12-27 17:15:15.069973,0 days 00:00:00.286999,False,144,4,0.00198524826808009,COMPLETE
193,193,-167.225538720585,2023-12-27 17:15:15.070972,2023-12-27 17:15:15.363235,0 days 00:00:00.292263,False,400,4,0.003271876981437034,COMPLETE
194,194,-33.83878711168756,2023-12-27 17:15:15.364235,2023-12-27 17:15:15.621237,0 days 00:00:00.257002,False,176,4,0.004197876546599808,COMPLETE
195,195,-183.36879007525357,2023-12-27 17:15:15.622236,2023-12-27 17:15:15.894284,0 days 00:00:00.272048,False,160,4,0.001784383727658397,COMPLETE
196,196,-308.1077335598966,2023-12-27 17:15:15.895285,2023-12-27 17:15:16.157576,0 days 00:00:00.262291,True,112,4,0.0026304675265507536,COMPLETE
197,197,-71.19020847580548,2023-12-27 17:15:16.158575,2023-12-27 17:15:16.447805,0 days 00:00:00.289230,True,240,5,0.0013630471838415753,COMPLETE
198,198,-98.74676175356664,2023-12-27 17:15:16.448805,2023-12-27 17:15:16.728049,0 days 00:00:00.279244,False,128,4,0.00116378979949901,COMPLETE
199,199,-269.04787757835686,2023-12-27 17:15:16.729049,2023-12-27 17:15:17.030049,0 days 00:00:00.301000,True,144,4,0.0015208113254988303,COMPLETE
