,number,value,datetime_start,datetime_complete,duration,params_batcher,params_hidden_dim,params_learning_rate,state
152,152,-1.645092540258735,2023-12-21 09:49:55.896230,2023-12-21 09:49:56.686232,0 days 00:00:00.790002,True,448,0.006143402511475892,COMPLETE
153,153,-3.152769399124445,2023-12-21 09:49:56.687233,2023-12-21 09:49:57.607609,0 days 00:00:00.920376,True,288,0.006998904928932986,COMPLETE
154,154,-1.71003864954087,2023-12-21 09:49:57.609610,2023-12-21 09:49:58.315761,0 days 00:00:00.706151,True,480,0.004860732048538038,COMPLETE
155,155,-1.6557987094453164,2023-12-21 09:49:58.316761,2023-12-21 09:49:59.019481,0 days 00:00:00.702720,True,304,0.008787727937262901,COMPLETE
156,156,-1.60143139472715,2023-12-21 09:49:59.020482,2023-12-21 09:49:59.739479,0 days 00:00:00.718997,True,336,0.009999269912097186,COMPLETE
157,157,-2.8313286019983694,2023-12-21 09:49:59.740479,2023-12-21 09:50:00.486525,0 days 00:00:00.746046,True,416,0.005633358321903174,COMPLETE
158,158,-4.339037594566709,2023-12-21 09:50:00.487525,2023-12-21 09:50:01.250526,0 days 00:00:00.763001,True,464,0.007792044371652228,COMPLETE
159,159,-16.180789504145086,2023-12-21 09:50:01.251526,2023-12-21 09:50:02.088865,0 days 00:00:00.837339,True,272,0.0005736374441512698,COMPLETE
160,160,-2.3198974012684266,2023-12-21 09:50:02.089865,2023-12-21 09:50:03.174866,0 days 00:00:01.085001,True,512,0.006235561899252042,COMPLETE
161,161,-4.812495786259966,2023-12-21 09:50:03.175866,2023-12-21 09:50:03.869561,0 days 00:00:00.693695,True,256,0.004729396871166827,COMPLETE
162,162,-2.2489254771892755,2023-12-21 09:50:03.870561,2023-12-21 09:50:04.565562,0 days 00:00:00.695001,True,272,0.005455484286467068,COMPLETE
163,163,-133.29851347138796,2023-12-21 09:50:04.565562,2023-12-21 09:50:05.288563,0 days 00:00:00.723001,True,304,0.00022789234753790307,COMPLETE
164,164,-3.8272221565619433,2023-12-21 09:50:05.289563,2023-12-21 09:50:06.060117,0 days 00:00:00.770554,True,480,0.006944770722645544,COMPLETE
165,165,-1.6620794412862796,2023-12-21 09:50:06.061117,2023-12-21 09:50:06.806117,0 days 00:00:00.745000,True,288,0.0038590517167815426,COMPLETE
166,166,-1.2915703558043932,2023-12-21 09:50:06.808118,2023-12-21 09:50:07.574371,0 days 00:00:00.766253,True,320,0.00438730701352767,COMPLETE
167,167,-0.43824851169634993,2023-12-21 09:50:07.575372,2023-12-21 09:50:08.504782,0 days 00:00:00.929410,True,256,0.008297563252624544,COMPLETE
168,168,-0.7304430565962331,2023-12-21 09:50:08.505825,2023-12-21 09:50:09.209810,0 days 00:00:00.703985,True,256,0.008519920374397567,COMPLETE
169,169,-1.4114338751538598,2023-12-21 09:50:09.210810,2023-12-21 09:50:09.910431,0 days 00:00:00.699621,True,464,0.007891825113575527,COMPLETE
170,170,-3.8428847580215466,2023-12-21 09:50:09.911431,2023-12-21 09:50:10.648873,0 days 00:00:00.737442,True,496,0.0064000245771860505,COMPLETE
171,171,-0.4065481585563508,2023-12-21 09:50:10.649873,2023-12-21 09:50:11.372311,0 days 00:00:00.722438,True,240,0.005260392548867272,COMPLETE
172,172,-1.4928881112878927,2023-12-21 09:50:11.373312,2023-12-21 09:50:12.101647,0 days 00:00:00.728335,True,240,0.005511554786050427,COMPLETE
173,173,-6.033471690409984,2023-12-21 09:50:12.102647,2023-12-21 09:50:12.876357,0 days 00:00:00.773710,True,256,0.007049825797342873,COMPLETE
174,174,-5.37500498259413,2023-12-21 09:50:12.877357,2023-12-21 09:50:13.726412,0 days 00:00:00.849055,True,272,0.009140787003523576,COMPLETE
175,175,-0.996106248631014,2023-12-21 09:50:13.727412,2023-12-21 09:50:14.499412,0 days 00:00:00.772000,True,224,0.0050557671458434416,COMPLETE
176,176,-5.490625929275833,2023-12-21 09:50:14.500412,2023-12-21 09:50:15.499240,0 days 00:00:00.998828,True,304,0.00590664000993382,COMPLETE
177,177,0.22623664746586414,2023-12-21 09:50:15.500240,2023-12-21 09:50:16.213238,0 days 00:00:00.712998,True,288,0.009970013044063154,COMPLETE
178,178,-6.108832347341317,2023-12-21 09:50:16.214240,2023-12-21 09:50:16.910965,0 days 00:00:00.696725,True,288,0.00741106643978937,COMPLETE
179,179,-6.7559855205517225,2023-12-21 09:50:16.911965,2023-12-21 09:50:17.630928,0 days 00:00:00.718963,True,288,0.001192029205270285,COMPLETE
180,180,-1.3000254191451088,2023-12-21 09:50:17.631929,2023-12-21 09:50:18.373927,0 days 00:00:00.741998,True,320,0.00972811717632691,COMPLETE
181,181,-0.3064933352846003,2023-12-21 09:50:18.374927,2023-12-21 09:50:19.123672,0 days 00:00:00.748745,True,256,0.008338119044457986,COMPLETE
182,182,0.38221990633961933,2023-12-21 09:50:19.124672,2023-12-21 09:50:19.875030,0 days 00:00:00.750358,True,240,0.00993564947190459,COMPLETE
183,183,0.3977492009320086,2023-12-21 09:50:19.877030,2023-12-21 09:50:20.958720,0 days 00:00:01.081690,True,240,0.009939356162402081,COMPLETE
184,184,-0.650932573750926,2023-12-21 09:50:20.960721,2023-12-21 09:50:21.657280,0 days 00:00:00.696559,True,224,0.009715204299726018,COMPLETE
185,185,-4.500911671535745,2023-12-21 09:50:21.658280,2023-12-21 09:50:22.358720,0 days 00:00:00.700440,True,272,0.009950582111603058,COMPLETE
186,186,-2.8411948299403513,2023-12-21 09:50:22.359719,2023-12-21 09:50:23.090317,0 days 00:00:00.730598,True,448,0.008659803295359769,COMPLETE
187,187,-2.2233686236165933,2023-12-21 09:50:23.091318,2023-12-21 09:50:23.814895,0 days 00:00:00.723577,True,240,0.007487827667100432,COMPLETE
188,188,-0.4762162080406382,2023-12-21 09:50:23.815897,2023-12-21 09:50:24.563522,0 days 00:00:00.747625,True,256,0.008214624733138557,COMPLETE
189,189,-2.2151784228293643,2023-12-21 09:50:24.564481,2023-12-21 09:50:25.315617,0 days 00:00:00.751136,True,192,0.00861492761206309,COMPLETE
190,190,-2.8326884574943323,2023-12-21 09:50:25.316616,2023-12-21 09:50:26.084776,0 days 00:00:00.768160,True,224,0.007055742793543647,COMPLETE
191,191,-3.1280899317866426,2023-12-21 09:50:26.085776,2023-12-21 09:50:26.937403,0 days 00:00:00.851627,True,272,0.006490014228015092,COMPLETE
192,192,-5.348724870815407,2023-12-21 09:50:26.938403,2023-12-21 09:50:28.063402,0 days 00:00:01.124999,True,240,0.008730759682106086,COMPLETE
193,193,-9.004126103202513,2023-12-21 09:50:28.065402,2023-12-21 09:50:28.763788,0 days 00:00:00.698386,True,240,0.006242457940758067,COMPLETE
194,194,0.4908052703110727,2023-12-21 09:50:28.764788,2023-12-21 09:50:29.466169,0 days 00:00:00.701381,True,240,0.009905255647238615,COMPLETE
195,195,-0.1676071897015847,2023-12-21 09:50:29.467169,2023-12-21 09:50:30.235073,0 days 00:00:00.767904,True,208,0.009873489113949563,COMPLETE
196,196,-2.5749260014007493,2023-12-21 09:50:30.236073,2023-12-21 09:50:30.959504,0 days 00:00:00.723431,True,192,0.009827346133615536,COMPLETE
197,197,-3.4123045335685718,2023-12-21 09:50:30.960506,2023-12-21 09:50:31.688947,0 days 00:00:00.728441,False,208,0.007927765653589089,COMPLETE
198,198,-1.0966917109236474,2023-12-21 09:50:31.690946,2023-12-21 09:50:32.434626,0 days 00:00:00.743680,True,224,0.009931621375227663,COMPLETE
199,199,-4.766402401903465,2023-12-21 09:50:32.435626,2023-12-21 09:50:33.258359,0 days 00:00:00.822733,True,208,0.008315391542414214,COMPLETE
