,number,value,datetime_start,datetime_complete,duration,params_batcher,params_hidden_dim,params_k,params_learning_rate,state
149,149,-0.5323269839061895,2023-12-27 16:22:43.878037,2023-12-27 16:22:44.118540,0 days 00:00:00.240503,False,480,3,0.001826250373008309,COMPLETE
150,150,-2.238306610457319,2023-12-27 16:22:44.120540,2023-12-27 16:22:44.345702,0 days 00:00:00.225162,False,416,3,0.0009893906112825878,COMPLETE
151,151,-0.11906825632624374,2023-12-27 16:22:44.346702,2023-12-27 16:22:44.563622,0 days 00:00:00.216920,False,272,3,0.0030398732928870265,COMPLETE
152,152,-4.113984971526593,2023-12-27 16:22:44.564622,2023-12-27 16:22:44.790623,0 days 00:00:00.226001,False,304,3,0.002297941767111838,COMPLETE
153,153,-0.04610371288588859,2023-12-27 16:22:44.791625,2023-12-27 16:22:45.032897,0 days 00:00:00.241272,False,272,3,0.0030434327661883176,COMPLETE
154,154,-0.2140336810424027,2023-12-27 16:22:45.033892,2023-12-27 16:22:45.281008,0 days 00:00:00.247116,False,304,3,0.00306802266223631,COMPLETE
155,155,-0.657620253523089,2023-12-27 16:22:45.283009,2023-12-27 16:22:45.537149,0 days 00:00:00.254140,False,288,3,0.0030190489191064744,COMPLETE
156,156,-0.911961078617481,2023-12-27 16:22:45.538149,2023-12-27 16:22:45.791418,0 days 00:00:00.253269,False,272,3,0.003154366148093068,COMPLETE
157,157,-4.456249022383403,2023-12-27 16:22:45.793427,2023-12-27 16:22:46.043418,0 days 00:00:00.249991,False,272,3,0.0021252338546358966,COMPLETE
158,158,-8.092535670777847,2023-12-27 16:22:46.044418,2023-12-27 16:22:46.273418,0 days 00:00:00.229000,False,304,1,0.0053183187336092305,COMPLETE
159,159,-0.5232469289404909,2023-12-27 16:22:46.274418,2023-12-27 16:22:46.525418,0 days 00:00:00.251000,False,256,3,0.004520042754236723,COMPLETE
160,160,-7.9140537506615924,2023-12-27 16:22:46.526418,2023-12-27 16:22:46.832418,0 days 00:00:00.306000,True,288,3,0.003409664618329177,COMPLETE
161,161,-2.8333900491226407,2023-12-27 16:22:46.833418,2023-12-27 16:22:47.117418,0 days 00:00:00.284000,False,208,3,0.002690073026702734,COMPLETE
162,162,-7.272332876702604,2023-12-27 16:22:47.118418,2023-12-27 16:22:47.393418,0 days 00:00:00.275000,False,240,3,0.0020751009920086114,COMPLETE
163,163,-1.7971330654275923,2023-12-27 16:22:47.394437,2023-12-27 16:22:47.726418,0 days 00:00:00.331981,False,320,3,0.0018532144661783567,COMPLETE
164,164,-5.5510458654147685,2023-12-27 16:22:47.728420,2023-12-27 16:22:48.035781,0 days 00:00:00.307361,False,272,3,0.0016663812035245616,COMPLETE
165,165,-1.4940728386674467,2023-12-27 16:22:48.036783,2023-12-27 16:22:48.352884,0 days 00:00:00.316101,False,288,3,0.0025055286644051866,COMPLETE
166,166,-8.369556177242435,2023-12-27 16:22:48.353884,2023-12-27 16:22:48.615884,0 days 00:00:00.262000,False,176,3,0.0013501696665484527,COMPLETE
167,167,-1.707761349787989,2023-12-27 16:22:48.616884,2023-12-27 16:22:48.901884,0 days 00:00:00.285000,False,224,3,0.0007566013937044279,COMPLETE
168,168,-6.129515100196396,2023-12-27 16:22:48.902885,2023-12-27 16:22:49.181885,0 days 00:00:00.279000,False,192,3,0.0027825128754179226,COMPLETE
169,169,-4.341041481693479,2023-12-27 16:22:49.182884,2023-12-27 16:22:49.510886,0 days 00:00:00.328002,False,336,3,0.0021470773623320613,COMPLETE
170,170,-16.955707848433153,2023-12-27 16:22:49.511885,2023-12-27 16:22:49.830452,0 days 00:00:00.318567,False,432,1,0.00027088281975622,COMPLETE
171,171,-0.11337252312009989,2023-12-27 16:22:49.831452,2023-12-27 16:22:50.160686,0 days 00:00:00.329234,False,384,3,0.0025544020224394716,COMPLETE
172,172,-0.46063158193468345,2023-12-27 16:22:50.161684,2023-12-27 16:22:50.409004,0 days 00:00:00.247320,False,384,3,0.0031827928216938703,COMPLETE
173,173,-0.26471159960921664,2023-12-27 16:22:50.410004,2023-12-27 16:22:50.636003,0 days 00:00:00.225999,False,400,3,0.002431490460525437,COMPLETE
174,174,-0.9964651199145835,2023-12-27 16:22:50.637003,2023-12-27 16:22:50.869008,0 days 00:00:00.232005,False,400,3,0.0039365008859021545,COMPLETE
175,175,0.12635326777586392,2023-12-27 16:22:50.870005,2023-12-27 16:22:51.104004,0 days 00:00:00.233999,False,416,3,0.0024190959203604467,COMPLETE
176,176,-6.554922430995779,2023-12-27 16:22:51.105004,2023-12-27 16:22:51.329004,0 days 00:00:00.224000,False,416,2,0.002809688531328696,COMPLETE
177,177,-0.5735308273914435,2023-12-27 16:22:51.330004,2023-12-27 16:22:51.567003,0 days 00:00:00.236999,False,400,3,0.0023793008576322664,COMPLETE
178,178,-1.2439866021930561,2023-12-27 16:22:51.569004,2023-12-27 16:22:51.803003,0 days 00:00:00.233999,False,384,3,0.003026960391763157,COMPLETE
179,179,-3.841735131576537,2023-12-27 16:22:51.804004,2023-12-27 16:22:52.031948,0 days 00:00:00.227944,True,368,3,0.00355485609647676,COMPLETE
180,180,-0.38953637721829965,2023-12-27 16:22:52.032949,2023-12-27 16:22:52.265213,0 days 00:00:00.232264,False,400,3,0.0024810703756289253,COMPLETE
181,181,-4.245480872197095,2023-12-27 16:22:52.266213,2023-12-27 16:22:52.502761,0 days 00:00:00.236548,False,416,3,0.0017441067790799907,COMPLETE
182,182,-4.118002350519544,2023-12-27 16:22:52.503762,2023-12-27 16:22:52.731740,0 days 00:00:00.227978,False,432,3,0.001983833628652755,COMPLETE
183,183,-6.379992700720982,2023-12-27 16:22:52.732740,2023-12-27 16:22:52.966740,0 days 00:00:00.234000,False,496,3,0.002127491505276744,COMPLETE
184,184,-2.3369165239061793,2023-12-27 16:22:52.967740,2023-12-27 16:22:53.188128,0 days 00:00:00.220388,False,400,3,0.0014680587953296495,COMPLETE
185,185,-1.7593877476626365,2023-12-27 16:22:53.189126,2023-12-27 16:22:53.409159,0 days 00:00:00.220033,False,368,3,0.002660324395069371,COMPLETE
186,186,-3.3136597843784683,2023-12-27 16:22:53.410160,2023-12-27 16:22:53.633159,0 days 00:00:00.222999,False,384,3,0.002278441622523786,COMPLETE
187,187,-3.686258258426099,2023-12-27 16:22:53.634159,2023-12-27 16:22:53.849159,0 days 00:00:00.215000,False,256,3,0.0016984763310562135,COMPLETE
188,188,-4.143222843425503,2023-12-27 16:22:53.850159,2023-12-27 16:22:54.080159,0 days 00:00:00.230000,False,448,3,0.0033258992101736088,COMPLETE
189,189,-3.8490467177379797,2023-12-27 16:22:54.081159,2023-12-27 16:22:54.303595,0 days 00:00:00.222436,False,400,3,0.0011780799781234699,COMPLETE
190,190,-14.656477149326136,2023-12-27 16:22:54.304595,2023-12-27 16:22:54.547353,0 days 00:00:00.242758,False,416,3,0.0001963522479598489,COMPLETE
191,191,-4.580434193960372,2023-12-27 16:22:54.548352,2023-12-27 16:22:54.765390,0 days 00:00:00.217038,False,208,3,0.0018825582289884193,COMPLETE
192,192,-2.3000736977657477,2023-12-27 16:22:54.766391,2023-12-27 16:22:54.982497,0 days 00:00:00.216106,False,224,3,0.0025119268343727647,COMPLETE
193,193,-1.9540926613691192,2023-12-27 16:22:54.983498,2023-12-27 16:22:55.201498,0 days 00:00:00.218000,False,208,3,0.0029398807023353554,COMPLETE
194,194,-3.111208596735494,2023-12-27 16:22:55.202499,2023-12-27 16:22:55.433497,0 days 00:00:00.230998,False,384,3,0.0020244451466613187,COMPLETE
195,195,-0.3335860799573571,2023-12-27 16:22:55.434497,2023-12-27 16:22:55.664498,0 days 00:00:00.230001,False,352,3,0.001500214005179457,COMPLETE
196,196,-1.9279542011811253,2023-12-27 16:22:55.665497,2023-12-27 16:22:55.896464,0 days 00:00:00.230967,True,416,3,0.0022736398482332276,COMPLETE
197,197,-11.706161472393521,2023-12-27 16:22:55.897463,2023-12-27 16:22:56.116371,0 days 00:00:00.218908,False,192,3,0.0037755025991596343,COMPLETE
198,198,-2.3862950897902238,2023-12-27 16:22:56.117371,2023-12-27 16:22:56.346197,0 days 00:00:00.228826,False,288,3,0.001726314750100373,COMPLETE
199,199,-0.21497336981195728,2023-12-27 16:22:56.347196,2023-12-27 16:22:56.599449,0 days 00:00:00.252253,False,368,3,0.0027513450060334533,COMPLETE
