,number,value,datetime_start,datetime_complete,duration,params_batcher,params_hidden_dim,params_learning_rate,state
152,152,-1.928583258199388,2023-12-21 09:36:31.916417,2023-12-21 09:36:32.135795,0 days 00:00:00.219378,False,480,0.0044016986007045285,COMPLETE
153,153,-1.685257594276982,2023-12-21 09:36:32.135795,2023-12-21 09:36:32.352795,0 days 00:00:00.217000,False,416,0.003509029469047098,COMPLETE
154,154,-0.9780904792327432,2023-12-21 09:36:32.353795,2023-12-21 09:36:32.562795,0 days 00:00:00.209000,False,288,0.0054725603395962795,COMPLETE
155,155,-8.091461446750838,2023-12-21 09:36:32.563795,2023-12-21 09:36:32.775797,0 days 00:00:00.212002,False,336,0.004088456788913064,COMPLETE
156,156,-3.12133475411383,2023-12-21 09:36:32.776797,2023-12-21 09:36:32.990795,0 days 00:00:00.213998,False,432,0.0018351512871849817,COMPLETE
157,157,0.05177135928737429,2023-12-21 09:36:32.991795,2023-12-21 09:36:33.190474,0 days 00:00:00.198679,True,272,0.0031975860206196883,COMPLETE
158,158,-6.667926632968014,2023-12-21 09:36:33.191474,2023-12-21 09:36:33.407475,0 days 00:00:00.216001,True,272,0.0023545171330524367,COMPLETE
159,159,-7.743022979784688,2023-12-21 09:36:33.408474,2023-12-21 09:36:33.605474,0 days 00:00:00.197000,True,272,0.003482263923938492,COMPLETE
160,160,-3.7929655405175153,2023-12-21 09:36:33.606480,2023-12-21 09:36:33.812473,0 days 00:00:00.205993,True,256,0.0030675949161441314,COMPLETE
161,161,-8.484110199835579,2023-12-21 09:36:33.813473,2023-12-21 09:36:34.015546,0 days 00:00:00.202073,True,224,0.004604625758415333,COMPLETE
162,162,-2.3546398728905844,2023-12-21 09:36:34.016546,2023-12-21 09:36:34.217546,0 days 00:00:00.201000,True,256,0.0039218502263362875,COMPLETE
163,163,-103.89211745720169,2023-12-21 09:36:34.218551,2023-12-21 09:36:34.424547,0 days 00:00:00.205996,False,240,0.000338680174456812,COMPLETE
164,164,-3.421022846823527,2023-12-21 09:36:34.425546,2023-12-21 09:36:34.731546,0 days 00:00:00.306000,True,384,0.0069422366036998445,COMPLETE
165,165,-2.919176112780777,2023-12-21 09:36:34.732546,2023-12-21 09:36:34.968693,0 days 00:00:00.236147,False,320,0.002800678843957893,COMPLETE
166,166,-2.3472893686685223,2023-12-21 09:36:34.969693,2023-12-21 09:36:35.261715,0 days 00:00:00.292022,True,304,0.008447913981484971,COMPLETE
167,167,-2.3232349682487956,2023-12-21 09:36:35.262716,2023-12-21 09:36:35.471219,0 days 00:00:00.208503,False,272,0.009992773264588983,COMPLETE
168,168,-3.0955567733092697,2023-12-21 09:36:35.472219,2023-12-21 09:36:35.689274,0 days 00:00:00.217055,False,448,0.0033137089689168346,COMPLETE
169,169,-1.4785356599397859,2023-12-21 09:36:35.690274,2023-12-21 09:36:35.897325,0 days 00:00:00.207051,True,464,0.0057653479259656025,COMPLETE
170,170,-2.8928029780268303,2023-12-21 09:36:35.898325,2023-12-21 09:36:36.097325,0 days 00:00:00.199000,False,288,0.0048775667463684036,COMPLETE
171,171,-1.3611823822345517,2023-12-21 09:36:36.098325,2023-12-21 09:36:36.292325,0 days 00:00:00.194000,False,288,0.0032256726788149823,COMPLETE
172,172,-0.4273931771227962,2023-12-21 09:36:36.293325,2023-12-21 09:36:36.488325,0 days 00:00:00.195000,False,288,0.0038265930769721696,COMPLETE
173,173,-2.9004024202152685,2023-12-21 09:36:36.490326,2023-12-21 09:36:36.684668,0 days 00:00:00.194342,False,304,0.003937593299126878,COMPLETE
174,174,-9.08107228515168,2023-12-21 09:36:36.685669,2023-12-21 09:36:36.890669,0 days 00:00:00.205000,False,272,0.004599512039070773,COMPLETE
175,175,-2.311775290706823,2023-12-21 09:36:36.891669,2023-12-21 09:36:37.091669,0 days 00:00:00.200000,False,240,0.002529480114362148,COMPLETE
176,176,-5.031320966939771,2023-12-21 09:36:37.092669,2023-12-21 09:36:37.291670,0 days 00:00:00.199001,False,256,0.0038395888900867514,COMPLETE
177,177,-0.7259410985238718,2023-12-21 09:36:37.292669,2023-12-21 09:36:37.497668,0 days 00:00:00.204999,True,304,0.005249526462443591,COMPLETE
178,178,-2.2117271730084687,2023-12-21 09:36:37.498668,2023-12-21 09:36:37.701669,0 days 00:00:00.203001,True,320,0.004337750718772858,COMPLETE
179,179,-4.916152487518235,2023-12-21 09:36:37.702668,2023-12-21 09:36:37.912670,0 days 00:00:00.210002,True,288,0.005199475906574307,COMPLETE
180,180,-1.2489492812820882,2023-12-21 09:36:37.913670,2023-12-21 09:36:38.116671,0 days 00:00:00.203001,True,304,0.006116113076775308,COMPLETE
181,181,-0.781335287816422,2023-12-21 09:36:38.117669,2023-12-21 09:36:38.326669,0 days 00:00:00.209000,True,288,0.006975044845595499,COMPLETE
182,182,-2.3705326375642675,2023-12-21 09:36:38.327669,2023-12-21 09:36:38.538668,0 days 00:00:00.210999,True,320,0.0035810161670294014,COMPLETE
183,183,-0.9088330582043357,2023-12-21 09:36:38.539669,2023-12-21 09:36:38.758748,0 days 00:00:00.219079,False,336,0.0012868604978719476,COMPLETE
184,184,-1.5331863918715753,2023-12-21 09:36:38.759748,2023-12-21 09:36:38.991748,0 days 00:00:00.232000,True,480,0.005196060715380404,COMPLETE
185,185,-5.6674259851556466,2023-12-21 09:36:38.992748,2023-12-21 09:36:39.210134,0 days 00:00:00.217386,False,272,0.0029554834618699434,COMPLETE
186,186,-2.0241556114972643,2023-12-21 09:36:39.211134,2023-12-21 09:36:39.429438,0 days 00:00:00.218304,True,304,0.004200033009674174,COMPLETE
187,187,-1.5080221436801562,2023-12-21 09:36:39.430438,2023-12-21 09:36:39.656436,0 days 00:00:00.225998,False,400,0.0077813996672482484,COMPLETE
188,188,-9.207608458773523,2023-12-21 09:36:39.657436,2023-12-21 09:36:39.877949,0 days 00:00:00.220513,True,176,0.005831941887269397,COMPLETE
189,189,-0.12941579075539283,2023-12-21 09:36:39.878949,2023-12-21 09:36:40.147949,0 days 00:00:00.269000,False,256,0.0033749051215035846,COMPLETE
190,190,-1.9090807980922175,2023-12-21 09:36:40.148949,2023-12-21 09:36:40.437949,0 days 00:00:00.289000,False,256,0.003275995313972521,COMPLETE
191,191,-7.909221853254536,2023-12-21 09:36:40.438950,2023-12-21 09:36:40.711949,0 days 00:00:00.272999,False,272,0.00456220491769771,COMPLETE
192,192,-1.204041742569585,2023-12-21 09:36:40.712949,2023-12-21 09:36:41.061951,0 days 00:00:00.349002,False,496,0.003791648175390695,COMPLETE
193,193,-5.301399310866742,2023-12-21 09:36:41.062951,2023-12-21 09:36:41.279949,0 days 00:00:00.216998,False,224,0.0027303188864817906,COMPLETE
194,194,-1.2440493778259742,2023-12-21 09:36:41.280949,2023-12-21 09:36:41.499194,0 days 00:00:00.218245,False,288,0.0019644257665867833,COMPLETE
195,195,-3.4809169422201216,2023-12-21 09:36:41.500194,2023-12-21 09:36:41.714540,0 days 00:00:00.214346,False,240,0.0035127292237556056,COMPLETE
196,196,-0.736272149541074,2023-12-21 09:36:41.715540,2023-12-21 09:36:41.935541,0 days 00:00:00.220001,True,512,0.0047577666971902665,COMPLETE
197,197,-5.236114780064109,2023-12-21 09:36:41.935541,2023-12-21 09:36:42.133908,0 days 00:00:00.198367,False,256,0.003911216732737273,COMPLETE
198,198,-0.43404142010778735,2023-12-21 09:36:42.134908,2023-12-21 09:36:42.346908,0 days 00:00:00.212000,False,416,0.005316563922482808,COMPLETE
199,199,-1.813491469444734,2023-12-21 09:36:42.347908,2023-12-21 09:36:42.554909,0 days 00:00:00.207001,True,416,0.005197706161111452,COMPLETE
