,number,value,datetime_start,datetime_complete,duration,params_batcher,params_hidden_dim,params_k,params_learning_rate,state
149,149,-0.5717503617619432,2023-12-27 16:26:23.412620,2023-12-27 16:26:24.392626,0 days 00:00:00.980006,True,368,3,0.001746676328405244,COMPLETE
150,150,0.32515494586724564,2023-12-27 16:26:24.393622,2023-12-27 16:26:25.497934,0 days 00:00:01.104312,True,352,3,0.002173368218500611,COMPLETE
151,151,-1.0150269557438876,2023-12-27 16:26:25.499934,2023-12-27 16:26:26.665980,0 days 00:00:01.166046,True,512,3,0.002933608073747175,COMPLETE
152,152,0.47063186802921236,2023-12-27 16:26:26.666981,2023-12-27 16:26:27.641073,0 days 00:00:00.974092,True,368,3,0.002394680038403278,COMPLETE
153,153,0.1899412523111682,2023-12-27 16:26:27.642076,2023-12-27 16:26:28.641585,0 days 00:00:00.999509,True,384,3,0.0024128289427120374,COMPLETE
154,154,-0.5881957294838108,2023-12-27 16:26:28.642585,2023-12-27 16:26:29.640782,0 days 00:00:00.998197,True,368,3,0.0018552693184503612,COMPLETE
155,155,-0.3305317116837727,2023-12-27 16:26:29.642783,2023-12-27 16:26:30.657430,0 days 00:00:01.014647,True,400,3,0.0014163151082143154,COMPLETE
156,156,0.2845938405411427,2023-12-27 16:26:30.659432,2023-12-27 16:26:31.619430,0 days 00:00:00.959998,True,352,3,0.0021806988641031133,COMPLETE
157,157,-0.2073178030789183,2023-12-27 16:26:31.620430,2023-12-27 16:26:32.625568,0 days 00:00:01.005138,True,368,3,0.0015792274536423285,COMPLETE
158,158,-0.33966660277567895,2023-12-27 16:26:32.626568,2023-12-27 16:26:33.654982,0 days 00:00:01.028414,True,384,3,0.0033198626839006326,COMPLETE
159,159,0.6482674896262207,2023-12-27 16:26:33.655983,2023-12-27 16:26:34.626981,0 days 00:00:00.970998,True,352,3,0.002505423638461013,COMPLETE
160,160,-0.1439610627559546,2023-12-27 16:26:34.627980,2023-12-27 16:26:35.566115,0 days 00:00:00.938135,True,336,3,0.001808432539462121,COMPLETE
161,161,0.4671601434916594,2023-12-27 16:26:35.568156,2023-12-27 16:26:36.575736,0 days 00:00:01.007580,True,352,3,0.0025505197460981535,COMPLETE
162,162,-0.22902567196434606,2023-12-27 16:26:36.576736,2023-12-27 16:26:37.436821,0 days 00:00:00.860085,True,240,3,0.002475917004631681,COMPLETE
163,163,-0.25042595239648574,2023-12-27 16:26:37.437821,2023-12-27 16:26:38.463163,0 days 00:00:01.025342,True,368,3,0.0012248754049555932,COMPLETE
164,164,-1.6181507725390496,2023-12-27 16:26:38.464166,2023-12-27 16:26:39.476259,0 days 00:00:01.012093,True,352,3,0.001984957412012617,COMPLETE
165,165,0.720466008709666,2023-12-27 16:26:39.477259,2023-12-27 16:26:40.473459,0 days 00:00:00.996200,True,336,3,0.0031118556176615484,COMPLETE
166,166,0.6828474066063116,2023-12-27 16:26:40.474459,2023-12-27 16:26:41.474949,0 days 00:00:01.000490,True,336,3,0.0031424697167101124,COMPLETE
167,167,-0.48338636526917045,2023-12-27 16:26:41.475949,2023-12-27 16:26:42.494010,0 days 00:00:01.018061,True,320,3,0.003326396972484912,COMPLETE
168,168,-0.549024240157352,2023-12-27 16:26:42.496011,2023-12-27 16:26:43.525629,0 days 00:00:01.029618,True,320,3,0.0037809411244208333,COMPLETE
169,169,-0.18727321951608694,2023-12-27 16:26:43.526629,2023-12-27 16:26:44.539515,0 days 00:00:01.012886,True,336,3,0.0036897403797355134,COMPLETE
170,170,0.2606957700110061,2023-12-27 16:26:44.540514,2023-12-27 16:26:45.560607,0 days 00:00:01.020093,True,336,3,0.0030128713598198196,COMPLETE
171,171,-0.4083220070443483,2023-12-27 16:26:45.561606,2023-12-27 16:26:46.594457,0 days 00:00:01.032851,True,352,3,0.0029582817156127744,COMPLETE
172,172,-1.391866966074828,2023-12-27 16:26:46.595457,2023-12-27 16:26:47.643052,0 days 00:00:01.047595,True,336,3,0.0025607066429178013,COMPLETE
173,173,-0.768129554166478,2023-12-27 16:26:47.644052,2023-12-27 16:26:48.677022,0 days 00:00:01.032970,True,320,3,0.0021265898592703896,COMPLETE
174,174,0.12276407484908718,2023-12-27 16:26:48.678022,2023-12-27 16:26:49.880685,0 days 00:00:01.202663,True,512,3,0.0026151809854459396,COMPLETE
175,175,-2.337302522925,2023-12-27 16:26:49.881685,2023-12-27 16:26:50.837471,0 days 00:00:00.955786,True,352,3,0.0033967260917656754,COMPLETE
176,176,-0.26086159941683656,2023-12-27 16:26:50.838471,2023-12-27 16:26:51.796884,0 days 00:00:00.958413,True,352,3,0.004015317666398,COMPLETE
177,177,-1.550372715075985,2023-12-27 16:26:51.797885,2023-12-27 16:26:52.920315,0 days 00:00:01.122430,True,496,3,0.0022114859801628424,COMPLETE
178,178,-2.6933230310093164,2023-12-27 16:26:52.922316,2023-12-27 16:26:53.970518,0 days 00:00:01.048202,True,464,3,0.002725499044334314,COMPLETE
179,179,-0.42315658483015717,2023-12-27 16:26:53.971518,2023-12-27 16:26:54.866529,0 days 00:00:00.895011,True,336,3,0.0015641445734930126,COMPLETE
180,180,-0.5675471948967058,2023-12-27 16:26:54.867529,2023-12-27 16:26:55.846702,0 days 00:00:00.979173,True,368,3,0.0032234731854840037,COMPLETE
181,181,0.09374844011639075,2023-12-27 16:26:55.847702,2023-12-27 16:26:56.841964,0 days 00:00:00.994262,True,368,3,0.0023694482632690985,COMPLETE
182,182,-1.8283916103626112,2023-12-27 16:26:56.842964,2023-12-27 16:26:57.802087,0 days 00:00:00.959123,True,352,3,0.001957484679094673,COMPLETE
183,183,-0.03932897334164385,2023-12-27 16:26:57.803087,2023-12-27 16:26:58.776338,0 days 00:00:00.973251,True,368,3,0.0024244800966185414,COMPLETE
184,184,-3.09312887118073,2023-12-27 16:26:58.778338,2023-12-27 16:26:59.869872,0 days 00:00:01.091534,True,480,3,0.002871028431076984,COMPLETE
185,185,-0.20154474418330287,2023-12-27 16:26:59.870872,2023-12-27 16:27:00.860617,0 days 00:00:00.989745,True,384,3,0.0017879415888589461,COMPLETE
186,186,-0.692816760603927,2023-12-27 16:27:00.861617,2023-12-27 16:27:01.773367,0 days 00:00:00.911750,True,336,3,0.0022810586156450066,COMPLETE
187,187,0.1173379108481237,2023-12-27 16:27:01.774365,2023-12-27 16:27:02.725786,0 days 00:00:00.951421,True,320,3,0.0013433056696222278,COMPLETE
188,188,-0.17014329439978854,2023-12-27 16:27:02.726785,2023-12-27 16:27:03.743465,0 days 00:00:01.016680,True,384,3,0.003003055027768191,COMPLETE
189,189,-0.4190345016192696,2023-12-27 16:27:03.744464,2023-12-27 16:27:04.704057,0 days 00:00:00.959593,True,352,3,0.004233096735776853,COMPLETE
190,190,-1.3868403834693492,2023-12-27 16:27:04.706059,2023-12-27 16:27:05.719057,0 days 00:00:01.012998,True,304,3,0.002671749325091765,COMPLETE
191,191,0.29592159798736145,2023-12-27 16:27:05.720058,2023-12-27 16:27:06.759950,0 days 00:00:01.039892,True,400,3,0.002520404957805808,COMPLETE
192,192,-1.270869849998223,2023-12-27 16:27:06.761952,2023-12-27 16:27:07.794985,0 days 00:00:01.033033,True,416,3,0.0020572893391180326,COMPLETE
193,193,-0.4804365188142884,2023-12-27 16:27:07.797984,2023-12-27 16:27:08.827097,0 days 00:00:01.029113,True,384,3,0.0033461441646358073,COMPLETE
194,194,-0.20142084123562362,2023-12-27 16:27:08.828097,2023-12-27 16:27:09.841279,0 days 00:00:01.013182,True,368,3,0.0028032335819748646,COMPLETE
195,195,0.12709470366043232,2023-12-27 16:27:09.842279,2023-12-27 16:27:10.859372,0 days 00:00:01.017093,True,368,3,0.002278664313290796,COMPLETE
196,196,-1.1402163132690075,2023-12-27 16:27:10.860372,2023-12-27 16:27:11.860793,0 days 00:00:01.000421,True,352,3,0.001727980821064689,COMPLETE
197,197,-0.5792243120695011,2023-12-27 16:27:11.861793,2023-12-27 16:27:12.893842,0 days 00:00:01.032049,True,400,3,0.0036756468488622495,COMPLETE
198,198,0.6864967833878811,2023-12-27 16:27:12.894842,2023-12-27 16:27:13.864046,0 days 00:00:00.969204,True,336,3,0.0030856179788951218,COMPLETE
199,199,-3.805445996474769,2023-12-27 16:27:13.865046,2023-12-27 16:27:14.844939,0 days 00:00:00.979893,True,336,3,0.004625813795860761,COMPLETE
