,number,value,datetime_start,datetime_complete,duration,params_batcher,params_hidden_dim,params_learning_rate,state
152,152,-85.52195335055023,2023-12-21 09:35:44.346072,2023-12-21 09:35:44.547068,0 days 00:00:00.200996,True,448,0.00559496811565243,COMPLETE
153,153,-26.349437419454908,2023-12-21 09:35:44.548068,2023-12-21 09:35:44.767069,0 days 00:00:00.219001,True,400,0.002489517178235225,COMPLETE
154,154,-45.29712801248071,2023-12-21 09:35:44.768068,2023-12-21 09:35:44.985069,0 days 00:00:00.217001,True,496,0.0032329710442853027,COMPLETE
155,155,-3.7324874824894962,2023-12-21 09:35:44.986069,2023-12-21 09:35:45.194069,0 days 00:00:00.208000,True,416,0.004728373978699482,COMPLETE
156,156,-11.601854267989285,2023-12-21 09:35:45.195069,2023-12-21 09:35:45.409068,0 days 00:00:00.213999,True,464,0.0049802202923396295,COMPLETE
157,157,-12.473204011014062,2023-12-21 09:35:45.410069,2023-12-21 09:35:45.607069,0 days 00:00:00.197000,False,416,0.006894531070273736,COMPLETE
158,158,-24.928742317741698,2023-12-21 09:35:45.608069,2023-12-21 09:35:45.811069,0 days 00:00:00.203000,False,432,0.005812728172277703,COMPLETE
159,159,-54.75544553715415,2023-12-21 09:35:45.812069,2023-12-21 09:35:46.022069,0 days 00:00:00.210000,True,480,0.0036109232974678063,COMPLETE
160,160,-9.998713474379164,2023-12-21 09:35:46.024069,2023-12-21 09:35:46.234068,0 days 00:00:00.209999,False,432,0.00480826356147206,COMPLETE
161,161,-9.315660413678852,2023-12-21 09:35:46.235070,2023-12-21 09:35:46.443069,0 days 00:00:00.207999,False,432,0.004713666402178436,COMPLETE
162,162,-11.189549382609574,2023-12-21 09:35:46.444069,2023-12-21 09:35:46.639070,0 days 00:00:00.195001,False,432,0.004960839539761315,COMPLETE
163,163,-25.492867707173847,2023-12-21 09:35:46.640069,2023-12-21 09:35:46.847510,0 days 00:00:00.207441,False,416,0.0008976585890271619,COMPLETE
164,164,-17.854963845919244,2023-12-21 09:35:46.849511,2023-12-21 09:35:47.050511,0 days 00:00:00.201000,False,448,0.003995717811558985,COMPLETE
165,165,-14.524880988332646,2023-12-21 09:35:47.051511,2023-12-21 09:35:47.268510,0 days 00:00:00.216999,False,448,0.006476175954080088,COMPLETE
166,166,-16.379362427843446,2023-12-21 09:35:47.269510,2023-12-21 09:35:47.475510,0 days 00:00:00.206000,False,464,0.008768196475967358,COMPLETE
167,167,-51.56970196338203,2023-12-21 09:35:47.476510,2023-12-21 09:35:47.684510,0 days 00:00:00.208000,False,480,0.005543853879250366,COMPLETE
168,168,-31.019556452174253,2023-12-21 09:35:47.686510,2023-12-21 09:35:47.906513,0 days 00:00:00.220003,False,496,0.000351911887255724,COMPLETE
169,169,-11.192002615862865,2023-12-21 09:35:47.907511,2023-12-21 09:35:48.120510,0 days 00:00:00.212999,False,432,0.004639004604939433,COMPLETE
170,170,-49.89684396677397,2023-12-21 09:35:48.121510,2023-12-21 09:35:48.340510,0 days 00:00:00.219000,False,480,0.0015129320956843541,COMPLETE
171,171,-80.26038376967436,2023-12-21 09:35:48.341510,2023-12-21 09:35:48.561531,0 days 00:00:00.220021,False,400,0.004334468023748814,COMPLETE
172,172,-13.884260869975629,2023-12-21 09:35:48.562511,2023-12-21 09:35:48.781510,0 days 00:00:00.218999,True,464,0.005544385551495139,COMPLETE
173,173,-31.618035398178403,2023-12-21 09:35:48.782511,2023-12-21 09:35:48.994510,0 days 00:00:00.211999,False,416,0.002961380417763123,COMPLETE
174,174,-34.18205733887272,2023-12-21 09:35:48.995510,2023-12-21 09:35:49.201510,0 days 00:00:00.206000,True,448,0.003490238733990654,COMPLETE
175,175,-26.148834769667776,2023-12-21 09:35:49.202510,2023-12-21 09:35:49.412510,0 days 00:00:00.210000,False,432,0.0017385093838515168,COMPLETE
176,176,-16.478146846323238,2023-12-21 09:35:49.413510,2023-12-21 09:35:49.630510,0 days 00:00:00.217000,True,432,0.007390720573205944,COMPLETE
177,177,-15.357070912686046,2023-12-21 09:35:49.630510,2023-12-21 09:35:49.844510,0 days 00:00:00.214000,False,448,0.004773547466517002,COMPLETE
178,178,-9.587557325084935,2023-12-21 09:35:49.846510,2023-12-21 09:35:50.062510,0 days 00:00:00.216000,False,464,0.006229182911470791,COMPLETE
179,179,-59.52459734159513,2023-12-21 09:35:50.063510,2023-12-21 09:35:50.281510,0 days 00:00:00.218000,False,464,0.006439308774602499,COMPLETE
180,180,-134.52534227314118,2023-12-21 09:35:50.282513,2023-12-21 09:35:50.511510,0 days 00:00:00.228997,False,496,0.0005149906450060117,COMPLETE
181,181,-9.07191362425195,2023-12-21 09:35:50.512511,2023-12-21 09:35:50.723510,0 days 00:00:00.210999,False,480,0.004096291587680547,COMPLETE
182,182,-10.435562900802774,2023-12-21 09:35:50.724510,2023-12-21 09:35:50.947510,0 days 00:00:00.223000,False,480,0.003958290251772576,COMPLETE
183,183,-20.66695342571774,2023-12-21 09:35:50.948510,2023-12-21 09:35:51.159513,0 days 00:00:00.211003,False,480,0.0038766384911608307,COMPLETE
184,184,-62.7131733114791,2023-12-21 09:35:51.160511,2023-12-21 09:35:51.373510,0 days 00:00:00.212999,False,512,0.00539955905091003,COMPLETE
185,185,-9.509879253580554,2023-12-21 09:35:51.374510,2023-12-21 09:35:51.596510,0 days 00:00:00.222000,False,480,0.004123378335140467,COMPLETE
186,186,-68.16538915253302,2023-12-21 09:35:51.597510,2023-12-21 09:35:51.803510,0 days 00:00:00.206000,False,496,0.00333848162171273,COMPLETE
187,187,-9.133402255123395,2023-12-21 09:35:51.805510,2023-12-21 09:35:52.024511,0 days 00:00:00.219001,False,480,0.004179948959745758,COMPLETE
188,188,-9.161865939769944,2023-12-21 09:35:52.025514,2023-12-21 09:35:52.248510,0 days 00:00:00.222996,False,480,0.004101246240399793,COMPLETE
189,189,-7.878342701583184,2023-12-21 09:35:52.249510,2023-12-21 09:35:52.473510,0 days 00:00:00.224000,False,480,0.006187722279766019,COMPLETE
190,190,-29.035138396817427,2023-12-21 09:35:52.474510,2023-12-21 09:35:52.695510,0 days 00:00:00.221000,False,480,0.00747242781166354,COMPLETE
191,191,-8.886325851856991,2023-12-21 09:35:52.696510,2023-12-21 09:35:52.910510,0 days 00:00:00.214000,False,464,0.006061923124462505,COMPLETE
192,192,-48.14429580983178,2023-12-21 09:35:52.911511,2023-12-21 09:35:53.142510,0 days 00:00:00.230999,False,464,0.0063439579286677025,COMPLETE
193,193,-28.925823587689727,2023-12-21 09:35:53.143510,2023-12-21 09:35:53.371510,0 days 00:00:00.228000,False,464,0.005940629302302367,COMPLETE
194,194,-34.12719351320881,2023-12-21 09:35:53.372511,2023-12-21 09:35:53.595510,0 days 00:00:00.222999,False,480,0.00823472751285124,COMPLETE
195,195,-10.806284707774914,2023-12-21 09:35:53.596510,2023-12-21 09:35:53.809510,0 days 00:00:00.213000,False,464,0.005196730573269467,COMPLETE
196,196,-25.063561072203782,2023-12-21 09:35:53.810510,2023-12-21 09:35:54.040510,0 days 00:00:00.230000,False,480,0.004336651474292997,COMPLETE
197,197,-45.10541436195452,2023-12-21 09:35:54.040510,2023-12-21 09:35:54.253510,0 days 00:00:00.213000,False,480,0.006814938685842195,COMPLETE
198,198,-24.791491188794645,2023-12-21 09:35:54.255510,2023-12-21 09:35:54.472510,0 days 00:00:00.217000,False,496,0.005817552996162849,COMPLETE
199,199,-45.832350776855876,2023-12-21 09:35:54.473510,2023-12-21 09:35:54.689510,0 days 00:00:00.216000,False,464,0.0045018365158701,COMPLETE
