,number,value,datetime_start,datetime_complete,duration,params_batcher,params_hidden_dim,params_k,params_learning_rate,state
0,0,-119.43906665744025,2023-12-10 20:17:28.901602,2023-12-10 20:18:33.036086,0 days 00:01:04.134484,False,128,1,1.759628616499722e-05,COMPLETE
1,1,0.40900534939636285,2023-12-10 20:18:33.037068,2023-12-10 20:19:36.809229,0 days 00:01:03.772161,False,80,1,0.00011521670378851365,COMPLETE
2,2,0.8157997990944853,2023-12-10 20:19:36.811225,2023-12-10 20:20:49.687597,0 days 00:01:12.876372,True,480,3,2.625756262108787e-05,COMPLETE
3,3,0.6683089275144458,2023-12-10 20:20:49.688598,2023-12-10 20:21:52.999011,0 days 00:01:03.310413,False,48,1,0.001565311864553082,COMPLETE
4,4,0.7921733818371012,2023-12-10 20:21:53.000011,2023-12-10 20:23:04.947665,0 days 00:01:11.947654,True,512,4,1.4792621989055785e-05,COMPLETE
5,5,0.8441640196514273,2023-12-10 20:23:04.948666,2023-12-10 20:24:12.547323,0 days 00:01:07.598657,True,256,2,9.348720024341698e-05,COMPLETE
6,6,0.9256017040341578,2023-12-10 20:24:12.548323,2023-12-10 20:25:18.166767,0 days 00:01:05.618444,True,160,2,0.0036052382451038593,COMPLETE
7,7,0.8647118419876809,2023-12-10 20:25:18.167767,2023-12-10 20:26:30.616312,0 days 00:01:12.448545,False,464,5,0.00016825656718054394,COMPLETE
8,8,0.8176849380603537,2023-12-10 20:26:30.618313,2023-12-10 20:27:37.487418,0 days 00:01:06.869105,False,272,1,0.002240666536593892,COMPLETE
9,9,0.8178419759730078,2023-12-10 20:27:37.488423,2023-12-10 20:28:47.759773,0 days 00:01:10.271350,False,272,3,3.329612824645795e-05,COMPLETE
10,10,0.9469130790373042,2023-12-10 20:28:47.761773,2023-12-10 20:29:53.647897,0 days 00:01:05.886124,True,160,2,0.009921319947632234,COMPLETE
11,11,0.9149215746995913,2023-12-10 20:29:53.649896,2023-12-10 20:30:59.890773,0 days 00:01:06.240877,True,176,2,0.009550272427359095,COMPLETE
12,12,0.9434293516546723,2023-12-10 20:30:59.891772,2023-12-10 20:32:06.118369,0 days 00:01:06.226597,True,176,2,0.008000973226454221,COMPLETE
13,13,0.9036900293690409,2023-12-10 20:32:06.119369,2023-12-10 20:33:16.936181,0 days 00:01:10.816812,True,368,2,0.009410115439544576,COMPLETE
14,14,0.9047802363319395,2023-12-10 20:33:16.937181,2023-12-10 20:34:24.739907,0 days 00:01:07.802726,True,208,4,0.0007455286867490025,COMPLETE
15,15,0.9587975795865497,2023-12-10 20:34:24.740908,2023-12-10 20:35:35.772772,0 days 00:01:11.031864,True,336,3,0.00436210107336167,COMPLETE
16,16,0.9037761475696048,2023-12-10 20:35:35.773772,2023-12-10 20:36:47.370029,0 days 00:01:11.596257,True,336,4,0.00047956914166752624,COMPLETE
17,17,0.9658604981422553,2023-12-10 20:36:47.372020,2023-12-10 20:37:58.139045,0 days 00:01:10.767025,True,384,3,0.003300955728865976,COMPLETE
18,18,0.9451834184055745,2023-12-10 20:37:58.140044,2023-12-10 20:39:10.136819,0 days 00:01:11.996775,True,400,3,0.0011048222482634015,COMPLETE
19,19,0.905070043131451,2023-12-10 20:39:10.137819,2023-12-10 20:40:22.276564,0 days 00:01:12.138745,True,416,5,0.0037048902073961447,COMPLETE
20,20,0.916241908441487,2023-12-10 20:40:22.277564,2023-12-10 20:41:34.658610,0 days 00:01:12.381046,True,304,4,0.0005980385045728135,COMPLETE
21,21,0.9779056648711448,2023-12-10 20:41:34.659610,2023-12-10 20:42:47.539758,0 days 00:01:12.880148,True,336,3,0.004723542418211461,COMPLETE
22,22,0.9791360708610931,2023-12-10 20:42:47.541758,2023-12-10 20:44:00.862978,0 days 00:01:13.321220,True,336,3,0.0039007196914472796,COMPLETE
23,23,0.9526482490971215,2023-12-10 20:44:00.863978,2023-12-10 20:45:14.161069,0 days 00:01:13.297091,True,416,3,0.0017631829911792078,COMPLETE
24,24,0.9394730113555589,2023-12-10 20:45:14.162069,2023-12-10 20:46:26.968034,0 days 00:01:12.805965,True,368,4,0.0026186105709377337,COMPLETE
25,25,0.9639699750143096,2023-12-10 20:46:26.970034,2023-12-10 20:47:36.022607,0 days 00:01:09.052573,True,240,3,0.004898264913460613,COMPLETE
26,26,0.9493987538189288,2023-12-10 20:47:36.024605,2023-12-10 20:48:46.811989,0 days 00:01:10.787384,True,320,3,0.0011988259911029408,COMPLETE
27,27,0.9687250405625459,2023-12-10 20:48:46.812986,2023-12-10 20:49:59.295570,0 days 00:01:12.482584,True,448,3,0.005461667444173035,COMPLETE
28,28,0.911290021564523,2023-12-10 20:49:59.297569,2023-12-10 20:51:13.465806,0 days 00:01:14.168237,True,448,4,0.005595351516654034,COMPLETE
29,29,0.9368527941975635,2023-12-10 20:51:13.466806,2023-12-10 20:52:29.304465,0 days 00:01:15.837659,False,512,4,0.001934573562793378,COMPLETE
30,30,0.9238418509214508,2023-12-10 20:52:29.305465,2023-12-10 20:53:56.727678,0 days 00:01:27.422213,True,448,2,0.006284628061848737,COMPLETE
31,31,0.9666496126653502,2023-12-10 20:53:56.728680,2023-12-10 20:55:24.593261,0 days 00:01:27.864581,True,368,3,0.0029522895553594952,COMPLETE
32,32,0.9562971568482682,2023-12-10 20:55:24.594261,2023-12-10 20:56:55.821980,0 days 00:01:31.227719,True,304,3,0.005614131609051957,COMPLETE
33,33,0.9653774580261352,2023-12-10 20:56:55.823984,2023-12-10 20:58:24.886702,0 days 00:01:29.062718,True,352,3,0.0028602773100694268,COMPLETE
34,34,0.9761580381041426,2023-12-10 20:58:24.888767,2023-12-10 20:59:50.598121,0 days 00:01:25.709354,False,416,3,0.002732961403887043,COMPLETE
35,35,0.9489956168899474,2023-12-10 20:59:50.600121,2023-12-10 21:01:15.679676,0 days 00:01:25.079555,False,432,3,0.006213273047828353,COMPLETE
36,36,0.9779120500253683,2023-12-10 21:01:15.681675,2023-12-10 21:02:41.746562,0 days 00:01:26.064887,False,480,3,0.0017540862179428395,COMPLETE
37,37,0.9421824227764072,2023-12-10 21:02:41.748530,2023-12-10 21:04:06.392135,0 days 00:01:24.643605,False,496,2,0.0013984610714196375,COMPLETE
38,38,0.9309450804665443,2023-12-10 21:04:06.393132,2023-12-10 21:05:32.657624,0 days 00:01:26.264492,False,480,4,0.002337033365941591,COMPLETE
39,39,0.6504404573108564,2023-12-10 21:05:32.658623,2023-12-10 21:06:49.242161,0 days 00:01:16.583538,False,48,1,0.001001949909675927,COMPLETE
40,40,0.9343291672915427,2023-12-10 21:06:49.243160,2023-12-10 21:08:13.070076,0 days 00:01:23.826916,False,288,2,0.0015858140895381886,COMPLETE
41,41,0.8983559009664479,2023-12-10 21:08:13.071074,2023-12-10 21:09:33.849625,0 days 00:01:20.778551,False,96,3,0.004279506766262274,COMPLETE
42,42,0.9759148455192761,2023-12-10 21:09:33.850625,2023-12-10 21:11:05.521398,0 days 00:01:31.670773,False,464,3,0.0037096057904931466,COMPLETE
43,43,0.9729759561057014,2023-12-10 21:11:05.522397,2023-12-10 21:12:33.742327,0 days 00:01:28.219930,False,480,3,0.002185077267175163,COMPLETE
44,44,0.9382388290608537,2023-12-10 21:12:33.743327,2023-12-10 21:14:00.162043,0 days 00:01:26.418716,False,400,3,0.0038185044936103712,COMPLETE
45,45,0.9718111460660328,2023-12-10 21:14:00.164044,2023-12-10 21:15:29.076280,0 days 00:01:28.912236,False,512,3,0.001833495569889535,COMPLETE
46,46,0.9272363256789202,2023-12-10 21:15:29.078276,2023-12-10 21:16:54.978743,0 days 00:01:25.900467,False,464,2,0.007353682074769894,COMPLETE
47,47,0.9479369270631093,2023-12-10 21:16:54.979740,2023-12-10 21:18:21.290704,0 days 00:01:26.310964,False,400,4,0.0031432050717750274,COMPLETE
48,48,0.9498809654226237,2023-12-10 21:18:21.292704,2023-12-10 21:19:45.496234,0 days 00:01:24.203530,False,240,2,0.00735498073701202,COMPLETE
49,49,0.9795278065933013,2023-12-10 21:19:45.498237,2023-12-10 21:21:14.267321,0 days 00:01:28.769084,False,432,3,0.004119253727641245,COMPLETE
