,number,value,datetime_start,datetime_complete,duration,params_batcher,params_hidden_dim,params_k,params_learning_rate,state
149,149,-0.4245695426849836,2023-12-27 18:18:18.709005,2023-12-27 18:18:19.982064,0 days 00:00:01.273059,False,464,3,0.001966484379694308,COMPLETE
150,150,-0.64353909553211,2023-12-27 18:18:19.983064,2023-12-27 18:18:21.181602,0 days 00:00:01.198538,True,432,2,0.0016067788559071465,COMPLETE
151,151,-0.698591624577239,2023-12-27 18:18:21.182604,2023-12-27 18:18:22.402750,0 days 00:00:01.220146,True,480,2,0.0015414195540701405,COMPLETE
152,152,-2.040304918971051,2023-12-27 18:18:22.404752,2023-12-27 18:18:23.906760,0 days 00:00:01.502008,True,448,2,0.002300733082574428,COMPLETE
153,153,-1.3756661972850668,2023-12-27 18:18:23.907759,2023-12-27 18:18:25.770804,0 days 00:00:01.863045,True,496,2,0.0011250302660028787,COMPLETE
154,154,-0.7324882797617971,2023-12-27 18:18:25.771804,2023-12-27 18:18:27.367932,0 days 00:00:01.596128,True,464,2,0.002895567782752542,COMPLETE
155,155,-1.8091783569449553,2023-12-27 18:18:27.368932,2023-12-27 18:18:28.956364,0 days 00:00:01.587432,True,448,2,0.00133031510042554,COMPLETE
156,156,-0.4398563956836202,2023-12-27 18:18:28.958362,2023-12-27 18:18:30.510999,0 days 00:00:01.552637,True,512,2,0.001899184952975106,COMPLETE
157,157,-0.8408472365453189,2023-12-27 18:18:30.511999,2023-12-27 18:18:31.893086,0 days 00:00:01.381087,False,240,2,0.0026054047948716524,COMPLETE
158,158,-8.898337986129357,2023-12-27 18:18:31.894589,2023-12-27 18:18:33.360673,0 days 00:00:01.466084,True,480,3,0.006315990832687157,COMPLETE
159,159,-1.385635966748404,2023-12-27 18:18:33.361673,2023-12-27 18:18:34.720695,0 days 00:00:01.359022,True,480,2,0.0007188053720119905,COMPLETE
160,160,-0.31321841495916813,2023-12-27 18:18:34.722200,2023-12-27 18:18:36.008508,0 days 00:00:01.286308,True,464,1,0.002150704182955233,COMPLETE
161,161,0.45474850305062214,2023-12-27 18:18:36.010517,2023-12-27 18:18:37.415952,0 days 00:00:01.405435,True,512,3,0.0014241457573922632,COMPLETE
162,162,-0.7670385269129667,2023-12-27 18:18:37.416952,2023-12-27 18:18:38.744119,0 days 00:00:01.327167,True,496,3,0.0015546772235634462,COMPLETE
163,163,-0.009036474075520263,2023-12-27 18:18:38.745630,2023-12-27 18:18:40.237943,0 days 00:00:01.492313,True,512,3,0.001842538496438442,COMPLETE
164,164,0.07990906272110374,2023-12-27 18:18:40.239942,2023-12-27 18:18:41.694563,0 days 00:00:01.454621,True,496,3,0.0014364975823680302,COMPLETE
165,165,-1.3533429101408554,2023-12-27 18:18:41.695567,2023-12-27 18:18:43.080278,0 days 00:00:01.384711,True,464,3,0.002346188377255864,COMPLETE
166,166,-0.6931796865797398,2023-12-27 18:18:43.081272,2023-12-27 18:18:44.341316,0 days 00:00:01.260044,False,432,2,0.0011009132205846272,COMPLETE
167,167,-1.5829405002850179,2023-12-27 18:18:44.342315,2023-12-27 18:18:45.852951,0 days 00:00:01.510636,True,496,2,0.001704839410357788,COMPLETE
168,168,-4.251603483837866,2023-12-27 18:18:45.852951,2023-12-27 18:18:47.169915,0 days 00:00:01.316964,True,512,2,0.003564857838805204,COMPLETE
169,169,-1.0015696096851967,2023-12-27 18:18:47.170915,2023-12-27 18:18:48.565432,0 days 00:00:01.394517,True,448,3,0.001343759604343542,COMPLETE
170,170,-0.7629680358461721,2023-12-27 18:18:48.567437,2023-12-27 18:18:49.845639,0 days 00:00:01.278202,True,480,2,0.0029690229167904265,COMPLETE
171,171,-0.15243855704153125,2023-12-27 18:18:49.846638,2023-12-27 18:18:51.435341,0 days 00:00:01.588703,True,496,3,0.001478775092767172,COMPLETE
172,172,-0.05499354869395982,2023-12-27 18:18:51.437341,2023-12-27 18:18:52.849029,0 days 00:00:01.411688,True,496,3,0.0008400961303820944,COMPLETE
173,173,-2.1201854591256812,2023-12-27 18:18:52.850029,2023-12-27 18:18:54.237803,0 days 00:00:01.387774,True,512,3,0.0012609607356142442,COMPLETE
174,174,0.1449461011015956,2023-12-27 18:18:54.238803,2023-12-27 18:18:55.664451,0 days 00:00:01.425648,True,480,3,0.0019797025880098373,COMPLETE
175,175,-1.040313908650098,2023-12-27 18:18:55.666456,2023-12-27 18:18:57.136100,0 days 00:00:01.469644,True,448,3,0.0021388710450380246,COMPLETE
176,176,0.21584017069468495,2023-12-27 18:18:57.137099,2023-12-27 18:18:58.549303,0 days 00:00:01.412204,False,480,3,0.0019344369056933084,COMPLETE
177,177,-2.483609482703128,2023-12-27 18:18:58.550304,2023-12-27 18:18:59.878208,0 days 00:00:01.327904,False,464,3,0.0025828201380750115,COMPLETE
178,178,0.36508753267428556,2023-12-27 18:18:59.880208,2023-12-27 18:19:01.311304,0 days 00:00:01.431096,False,480,3,0.0018795039794446365,COMPLETE
179,179,0.6128294774458064,2023-12-27 18:19:01.313306,2023-12-27 18:19:02.671694,0 days 00:00:01.358388,False,480,3,0.0018070021452346817,COMPLETE
180,180,-1.4393247424196502,2023-12-27 18:19:02.672694,2023-12-27 18:19:04.053374,0 days 00:00:01.380680,False,128,3,0.0019005654253400294,COMPLETE
181,181,0.14912757350646316,2023-12-27 18:19:04.054373,2023-12-27 18:19:05.584620,0 days 00:00:01.530247,False,480,3,0.0019881162427494233,COMPLETE
182,182,-0.12179278416312209,2023-12-27 18:19:05.585624,2023-12-27 18:19:07.021983,0 days 00:00:01.436359,False,480,3,0.002027345428854106,COMPLETE
183,183,0.620412516607199,2023-12-27 18:19:07.022983,2023-12-27 18:19:08.311205,0 days 00:00:01.288222,False,480,3,0.0017935479471177314,COMPLETE
184,184,0.22152215553621954,2023-12-27 18:19:08.312206,2023-12-27 18:19:09.748692,0 days 00:00:01.436486,False,464,3,0.0017029536149409544,COMPLETE
185,185,0.2045078729763667,2023-12-27 18:19:09.749692,2023-12-27 18:19:11.040152,0 days 00:00:01.290460,False,464,3,0.0016216128300767095,COMPLETE
186,186,0.3941771815033984,2023-12-27 18:19:11.042153,2023-12-27 18:19:12.376003,0 days 00:00:01.333850,False,464,3,0.0017293515981592108,COMPLETE
187,187,0.04591470708932206,2023-12-27 18:19:12.378002,2023-12-27 18:19:13.716473,0 days 00:00:01.338471,False,464,3,0.0017857378496041727,COMPLETE
188,188,-1.2896094468060917,2023-12-27 18:19:13.717473,2023-12-27 18:19:15.077229,0 days 00:00:01.359756,False,496,3,0.0016592418147483969,COMPLETE
189,189,0.25657571017944847,2023-12-27 18:19:15.078229,2023-12-27 18:19:16.440788,0 days 00:00:01.362559,False,448,3,0.0015736388779523153,COMPLETE
190,190,0.28077298884573676,2023-12-27 18:19:16.443251,2023-12-27 18:19:17.884307,0 days 00:00:01.441056,False,448,3,0.0014197962828616144,COMPLETE
191,191,-0.3084194995796276,2023-12-27 18:19:17.885312,2023-12-27 18:19:19.275387,0 days 00:00:01.390075,False,448,3,0.0013601006296462118,COMPLETE
192,192,0.23742342669290525,2023-12-27 18:19:19.276385,2023-12-27 18:19:20.654982,0 days 00:00:01.378597,False,448,3,0.001496320455484697,COMPLETE
193,193,-1.057477730625976,2023-12-27 18:19:20.655987,2023-12-27 18:19:21.996993,0 days 00:00:01.341006,False,432,3,0.001162966476950679,COMPLETE
194,194,0.35359869304370095,2023-12-27 18:19:21.997993,2023-12-27 18:19:23.334297,0 days 00:00:01.336304,False,448,3,0.0015185592932423022,COMPLETE
195,195,0.2708951668926942,2023-12-27 18:19:23.335301,2023-12-27 18:19:24.718322,0 days 00:00:01.383021,False,448,3,0.001422265257696854,COMPLETE
196,196,-1.388519750840095,2023-12-27 18:19:24.719322,2023-12-27 18:19:26.297526,0 days 00:00:01.578204,False,432,3,0.001179625711795629,COMPLETE
197,197,-0.5663121202565875,2023-12-27 18:19:26.298526,2023-12-27 18:19:27.640448,0 days 00:00:01.341922,False,416,3,0.001066306005317163,COMPLETE
198,198,0.041264763738218746,2023-12-27 18:19:27.642448,2023-12-27 18:19:29.030312,0 days 00:00:01.387864,False,448,3,0.0013956719046817924,COMPLETE
199,199,0.32724002190193896,2023-12-27 18:19:29.031312,2023-12-27 18:19:30.399572,0 days 00:00:01.368260,False,432,3,0.0015916050067005991,COMPLETE
