,number,value,datetime_start,datetime_complete,duration,params_batcher,params_hidden_dim,params_k,params_learning_rate,state
0,0,-641.3493138763528,2023-12-27 18:08:29.284865,2023-12-27 18:08:32.095549,0 days 00:00:02.810684,False,256,4,1.408875004428096e-05,COMPLETE
1,1,-682.3757729133551,2023-12-27 18:08:32.096549,2023-12-27 18:08:32.305568,0 days 00:00:00.209019,False,208,1,4.734906596428063e-05,COMPLETE
2,2,-15.900593574174218,2023-12-27 18:08:32.306569,2023-12-27 18:08:32.623620,0 days 00:00:00.317051,False,480,3,0.00047531645909922276,COMPLETE
3,3,-13.018382409272476,2023-12-27 18:08:32.625621,2023-12-27 18:08:32.880790,0 days 00:00:00.255169,True,496,3,0.001982213795762967,COMPLETE
4,4,-728.4533926602768,2023-12-27 18:08:32.881790,2023-12-27 18:08:33.247322,0 days 00:00:00.365532,False,176,5,1.3563561104843851e-05,COMPLETE
5,5,-17.704776830314792,2023-12-27 18:08:33.248322,2023-12-27 18:08:33.590877,0 days 00:00:00.342555,True,352,4,0.0006660840054026185,COMPLETE
6,6,-1.700100273406693,2023-12-27 18:08:33.592878,2023-12-27 18:08:33.892325,0 days 00:00:00.299447,False,64,5,0.007272353152468077,COMPLETE
7,7,-104.01700819980547,2023-12-27 18:08:33.893326,2023-12-27 18:08:34.168320,0 days 00:00:00.274994,True,288,3,0.009187000043435438,COMPLETE
8,8,-569.0136129186409,2023-12-27 18:08:34.169320,2023-12-27 18:08:34.415360,0 days 00:00:00.246040,True,208,1,0.00010798816916423878,COMPLETE
9,9,-17.11042295398596,2023-12-27 18:08:34.416360,2023-12-27 18:08:34.647433,0 days 00:00:00.231073,True,304,2,0.0002233237834224324,COMPLETE
10,10,-13.392165837317728,2023-12-27 18:08:34.648433,2023-12-27 18:08:35.013590,0 days 00:00:00.365157,False,32,5,0.00966587874466406,COMPLETE
11,11,-760.7131660103801,2023-12-27 18:08:35.014591,2023-12-27 18:08:35.309120,0 days 00:00:00.294529,True,16,4,0.0022664111314904655,COMPLETE
12,12,-13.105225800553441,2023-12-27 18:08:35.310120,2023-12-27 18:08:35.572424,0 days 00:00:00.262304,False,512,2,0.0020736676609179995,COMPLETE
13,13,-5.582759464388763,2023-12-27 18:08:35.573426,2023-12-27 18:08:35.824038,0 days 00:00:00.250612,True,416,2,0.002543708198999274,COMPLETE
14,14,-37.96210975670856,2023-12-27 18:08:35.825038,2023-12-27 18:08:36.124583,0 days 00:00:00.299545,True,416,2,0.003780899111451145,COMPLETE
15,15,-7.527525772228691,2023-12-27 18:08:36.126584,2023-12-27 18:08:36.500886,0 days 00:00:00.374302,False,112,5,0.0009343233481167572,COMPLETE
16,16,-11.179578647889429,2023-12-27 18:08:36.501886,2023-12-27 18:08:36.754480,0 days 00:00:00.252594,True,400,2,0.004778311164520406,COMPLETE
17,17,-33.70269394918272,2023-12-27 18:08:36.755481,2023-12-27 18:08:37.111703,0 days 00:00:00.356222,False,96,4,0.0011491482783583524,COMPLETE
18,18,-16.962278595371867,2023-12-27 18:08:37.112703,2023-12-27 18:08:37.368889,0 days 00:00:00.256186,True,416,1,0.0036990427001468837,COMPLETE
19,19,-10.683282327491993,2023-12-27 18:08:37.369889,2023-12-27 18:08:37.635484,0 days 00:00:00.265595,False,352,2,0.0056641503858578385,COMPLETE
20,20,-20.63040283223544,2023-12-27 18:08:37.636482,2023-12-27 18:08:37.968012,0 days 00:00:00.331530,False,112,3,0.0010451060023410601,COMPLETE
21,21,-3.3804295516166163,2023-12-27 18:08:37.968012,2023-12-27 18:08:38.342043,0 days 00:00:00.374031,False,96,5,0.0012752815958699398,COMPLETE
22,22,-5.4892140989785325,2023-12-27 18:08:38.344043,2023-12-27 18:08:38.642585,0 days 00:00:00.298542,False,64,5,0.0018225267253985616,COMPLETE
23,23,-9.974244352965105,2023-12-27 18:08:38.643586,2023-12-27 18:08:39.010473,0 days 00:00:00.366887,False,64,5,0.0014513518877837842,COMPLETE
24,24,-31.371600787503894,2023-12-27 18:08:39.011474,2023-12-27 18:08:39.364002,0 days 00:00:00.352528,False,160,5,0.0005024214577360673,COMPLETE
25,25,-13.704218982452826,2023-12-27 18:08:39.365002,2023-12-27 18:08:39.669028,0 days 00:00:00.304026,False,64,5,0.003445538175083473,COMPLETE
26,26,-11.985785806206414,2023-12-27 18:08:39.670028,2023-12-27 18:08:39.942394,0 days 00:00:00.272366,False,144,4,0.006753404021101526,COMPLETE
27,27,-2.913619209962797,2023-12-27 18:08:39.944395,2023-12-27 18:08:40.257463,0 days 00:00:00.313068,False,64,5,0.0016220430988854063,COMPLETE
28,28,-753.3738431814902,2023-12-27 18:08:40.258463,2023-12-27 18:08:40.601505,0 days 00:00:00.343042,False,16,4,0.006388178974867894,COMPLETE
29,29,-6.802889060473641,2023-12-27 18:08:40.602505,2023-12-27 18:08:40.972031,0 days 00:00:00.369526,False,208,5,0.0033108559253278557,COMPLETE
30,30,-7.738837435697929,2023-12-27 18:08:40.974032,2023-12-27 18:08:41.264114,0 days 00:00:00.290082,False,128,4,0.001233089106970813,COMPLETE
31,31,-8.402159905887576,2023-12-27 18:08:41.265114,2023-12-27 18:08:41.629101,0 days 00:00:00.363987,False,64,5,0.0014738006863185197,COMPLETE
32,32,-6.129251154697647,2023-12-27 18:08:41.631102,2023-12-27 18:08:41.986206,0 days 00:00:00.355104,False,80,5,0.0019887000549844848,COMPLETE
33,33,-603.6712178584453,2023-12-27 18:08:41.987206,2023-12-27 18:08:42.316731,0 days 00:00:00.329525,False,32,4,0.0006181085825224405,COMPLETE
34,34,-281.6788065279865,2023-12-27 18:08:42.317731,2023-12-27 18:08:42.601098,0 days 00:00:00.283367,False,48,5,0.0008326780377208252,COMPLETE
35,35,-23.79895103810507,2023-12-27 18:08:42.602099,2023-12-27 18:08:42.962749,0 days 00:00:00.360650,False,192,5,0.00037266180178784856,COMPLETE
36,36,-1.6115329661711868,2023-12-27 18:08:42.963749,2023-12-27 18:08:43.297787,0 days 00:00:00.334038,False,240,4,0.0016846389914171,COMPLETE
37,37,-3.6937257692644727,2023-12-27 18:08:43.298786,2023-12-27 18:08:43.571623,0 days 00:00:00.272837,False,240,4,0.0029068704273168024,COMPLETE
38,38,-3.866716329128402,2023-12-27 18:08:43.572624,2023-12-27 18:08:43.868370,0 days 00:00:00.295746,False,160,3,0.004590027855454068,COMPLETE
39,39,-17.966147863976527,2023-12-27 18:08:43.869371,2023-12-27 18:08:44.142033,0 days 00:00:00.272662,False,256,4,0.0008164974136120447,COMPLETE
40,40,-8.739136745863519,2023-12-27 18:08:44.144034,2023-12-27 18:08:44.423595,0 days 00:00:00.279561,False,304,5,0.0015691528385846994,COMPLETE
41,41,-3.671001831826838,2023-12-27 18:08:44.424596,2023-12-27 18:08:44.697026,0 days 00:00:00.272430,False,256,4,0.0027194261668546517,COMPLETE
42,42,-0.9357703635788033,2023-12-27 18:08:44.698026,2023-12-27 18:08:45.000380,0 days 00:00:00.302354,False,224,3,0.0024480365499447926,COMPLETE
43,43,-4.651043850973666,2023-12-27 18:08:45.001380,2023-12-27 18:08:45.317924,0 days 00:00:00.316544,False,96,3,0.0074356126075850034,COMPLETE
44,44,-4.5168558230315945,2023-12-27 18:08:45.318925,2023-12-27 18:08:45.565504,0 days 00:00:00.246579,False,224,3,0.002084413440553668,COMPLETE
45,45,-3.841446658148615,2023-12-27 18:08:45.566504,2023-12-27 18:08:45.886910,0 days 00:00:00.320406,False,288,3,0.001371258231377367,COMPLETE
46,46,-14.115081292555738,2023-12-27 18:08:45.887911,2023-12-27 18:08:46.181442,0 days 00:00:00.293531,False,176,4,0.008946871141683722,COMPLETE
47,47,-6.849839124803159,2023-12-27 18:08:46.182441,2023-12-27 18:08:46.492780,0 days 00:00:00.310339,False,320,5,0.004759592674607245,COMPLETE
48,48,-6.129471047774212,2023-12-27 18:08:46.493781,2023-12-27 18:08:46.808954,0 days 00:00:00.315173,False,128,3,0.002614598298740896,COMPLETE
49,49,-12.48741329163334,2023-12-27 18:08:46.809956,2023-12-27 18:08:47.104241,0 days 00:00:00.294285,True,336,4,0.0007001783794643389,COMPLETE
50,50,-15.958972968327979,2023-12-27 18:08:47.105241,2023-12-27 18:08:47.431032,0 days 00:00:00.325791,False,96,5,0.001064025014125843,COMPLETE
51,51,-7.367829897002906,2023-12-27 18:08:47.432032,2023-12-27 18:08:47.772073,0 days 00:00:00.340041,False,272,4,0.0027104135454205426,COMPLETE
52,52,-6.090735232854794,2023-12-27 18:08:47.773073,2023-12-27 18:08:48.085770,0 days 00:00:00.312697,False,256,3,0.0021592873209918552,COMPLETE
53,53,-2.8394776304340748,2023-12-27 18:08:48.086769,2023-12-27 18:08:48.377852,0 days 00:00:00.291083,False,224,5,0.003754586218241222,COMPLETE
54,54,-3.259451010951788,2023-12-27 18:08:48.379853,2023-12-27 18:08:48.671916,0 days 00:00:00.292063,False,224,5,0.004328004326782379,COMPLETE
55,55,-8.517104592173133,2023-12-27 18:08:48.672917,2023-12-27 18:08:48.978901,0 days 00:00:00.305984,True,224,5,0.005091468098594997,COMPLETE
56,56,-3.6796337526520775,2023-12-27 18:08:48.979901,2023-12-27 18:08:49.330176,0 days 00:00:00.350275,False,224,5,0.003782037746480868,COMPLETE
57,57,-12.595449517920343,2023-12-27 18:08:49.331178,2023-12-27 18:08:49.712622,0 days 00:00:00.381444,False,176,5,0.009485957166148347,COMPLETE
58,58,-3.006363981417846,2023-12-27 18:08:49.713622,2023-12-27 18:08:50.014202,0 days 00:00:00.300580,False,192,5,0.004265913874727693,COMPLETE
59,59,-13.630863529599162,2023-12-27 18:08:50.015204,2023-12-27 18:08:50.393916,0 days 00:00:00.378712,True,192,5,0.005818232202676678,COMPLETE
60,60,-19.628960581489746,2023-12-27 18:08:50.394917,2023-12-27 18:08:50.756099,0 days 00:00:00.361182,False,288,5,0.007199674076702604,COMPLETE
61,61,-13.04857976231563,2023-12-27 18:08:50.757101,2023-12-27 18:08:51.123357,0 days 00:00:00.366256,False,240,5,0.003999681249345945,COMPLETE
62,62,-5.767334726881744,2023-12-27 18:08:51.124357,2023-12-27 18:08:51.424411,0 days 00:00:00.300054,False,208,5,0.004299840328261974,COMPLETE
63,63,-16.411181940506847,2023-12-27 18:08:51.426412,2023-12-27 18:08:51.790598,0 days 00:00:00.364186,False,192,5,0.0032524415265962623,COMPLETE
64,64,-6.781288788588979,2023-12-27 18:08:51.791598,2023-12-27 18:08:52.154753,0 days 00:00:00.363155,False,144,5,0.005782609882845334,COMPLETE
65,65,-5.7866338550024325,2023-12-27 18:08:52.155756,2023-12-27 18:08:52.517888,0 days 00:00:00.362132,False,272,5,0.0023945641537899496,COMPLETE
66,66,-8.111328579971907,2023-12-27 18:08:52.518889,2023-12-27 18:08:52.808014,0 days 00:00:00.289125,False,384,4,0.001660315451514616,COMPLETE
67,67,-11.20236662665804,2023-12-27 18:08:52.809016,2023-12-27 18:08:53.045108,0 days 00:00:00.236092,False,240,1,0.003138537634453229,COMPLETE
68,68,-4.915172088698784,2023-12-27 18:08:53.046108,2023-12-27 18:08:53.357610,0 days 00:00:00.311502,False,32,5,0.004342257130380449,COMPLETE
69,69,-107.57611549311912,2023-12-27 18:08:53.358611,2023-12-27 18:08:53.746912,0 days 00:00:00.388301,False,464,5,0.005487759229768267,COMPLETE
70,70,-18.485364296403436,2023-12-27 18:08:53.747911,2023-12-27 18:08:53.991745,0 days 00:00:00.243834,True,160,2,0.0017896091785909968,COMPLETE
71,71,-16.667371497157642,2023-12-27 18:08:53.993746,2023-12-27 18:08:54.374549,0 days 00:00:00.380803,False,80,5,0.002363882392548487,COMPLETE
72,72,-10.335034571689462,2023-12-27 18:08:54.375551,2023-12-27 18:08:54.780203,0 days 00:00:00.404652,False,48,5,0.0018282708808863718,COMPLETE
73,73,-3.76047841081187,2023-12-27 18:08:54.781203,2023-12-27 18:08:55.094779,0 days 00:00:00.313576,False,112,5,0.00306195396679818,COMPLETE
74,74,-1.9138788888394298,2023-12-27 18:08:55.095779,2023-12-27 18:08:55.481593,0 days 00:00:00.385814,False,224,5,0.001228259805637226,COMPLETE
75,75,-15.532016201197944,2023-12-27 18:08:55.483594,2023-12-27 18:08:55.850472,0 days 00:00:00.366878,False,208,5,0.0036920734983483957,COMPLETE
76,76,-16.387739491348178,2023-12-27 18:08:55.851475,2023-12-27 18:08:56.184039,0 days 00:00:00.332564,False,224,4,0.0013121757808855238,COMPLETE
77,77,-3.6252300063496152,2023-12-27 18:08:56.185039,2023-12-27 18:08:56.445632,0 days 00:00:00.260593,False,192,3,0.007447667566926538,COMPLETE
78,78,-9.295954040922776,2023-12-27 18:08:56.446631,2023-12-27 18:08:56.786161,0 days 00:00:00.339530,False,240,4,0.0022732117776721964,COMPLETE
79,79,-8.274179944600064,2023-12-27 18:08:56.787162,2023-12-27 18:08:57.155425,0 days 00:00:00.368263,False,176,5,0.0011271572498059478,COMPLETE
80,80,-0.9878674480371089,2023-12-27 18:08:57.156426,2023-12-27 18:08:57.441349,0 days 00:00:00.284923,False,288,5,0.0015267907122446312,COMPLETE
81,81,-9.31608765541934,2023-12-27 18:08:57.442351,2023-12-27 18:08:57.733617,0 days 00:00:00.291266,False,288,5,0.0028655184365971816,COMPLETE
82,82,-14.91823475528634,2023-12-27 18:08:57.734618,2023-12-27 18:08:58.060938,0 days 00:00:00.326320,False,320,5,0.0015452360126943549,COMPLETE
83,83,-15.12933022446416,2023-12-27 18:08:58.061940,2023-12-27 18:08:58.437594,0 days 00:00:00.375654,False,272,5,0.0009019770974630151,COMPLETE
84,84,-6.261623567569099,2023-12-27 18:08:58.439594,2023-12-27 18:08:58.795336,0 days 00:00:00.355742,False,208,5,0.0017540372443262875,COMPLETE
85,85,-14.362779857609747,2023-12-27 18:08:58.796339,2023-12-27 18:08:59.176905,0 days 00:00:00.380566,False,304,5,0.0020431177042821045,COMPLETE
86,86,-6.269142163296275,2023-12-27 18:08:59.178907,2023-12-27 18:08:59.472706,0 days 00:00:00.293799,False,240,5,0.005025198388796619,COMPLETE
87,87,-2.6000130585280354,2023-12-27 18:08:59.473706,2023-12-27 18:08:59.840038,0 days 00:00:00.366332,False,256,5,0.0036351430725575086,COMPLETE
88,88,-1.7883726223628191,2023-12-27 18:08:59.841038,2023-12-27 18:09:00.197688,0 days 00:00:00.356650,False,256,4,0.0012658265313383273,COMPLETE
89,89,-10.190207181871042,2023-12-27 18:09:00.198691,2023-12-27 18:09:00.509812,0 days 00:00:00.311121,True,368,3,0.0013344107617437775,COMPLETE
90,90,-5.381558672154097,2023-12-27 18:09:00.511813,2023-12-27 18:09:00.825477,0 days 00:00:00.313664,False,256,4,0.0009709109525823399,COMPLETE
91,91,-4.177261872990544,2023-12-27 18:09:00.827478,2023-12-27 18:09:01.150111,0 days 00:00:00.322633,False,272,3,0.0034245926077301216,COMPLETE
92,92,-4.858842419102299,2023-12-27 18:09:01.151113,2023-12-27 18:09:01.522216,0 days 00:00:00.371103,False,304,5,0.0011269765812775073,COMPLETE
93,93,-17.097505172410695,2023-12-27 18:09:01.523217,2023-12-27 18:09:01.830327,0 days 00:00:00.307110,False,256,5,0.0025199796135217073,COMPLETE
94,94,-7.157575786553562,2023-12-27 18:09:01.830327,2023-12-27 18:09:02.097652,0 days 00:00:00.267325,False,288,3,0.0015670940437304652,COMPLETE
95,95,-7.533496360249697,2023-12-27 18:09:02.098652,2023-12-27 18:09:02.370862,0 days 00:00:00.272210,False,240,4,0.001965288517930957,COMPLETE
96,96,-7.407695708251485,2023-12-27 18:09:02.371863,2023-12-27 18:09:02.722237,0 days 00:00:00.350374,False,208,5,0.0012585793516819333,COMPLETE
97,97,-12.795781093399217,2023-12-27 18:09:02.723238,2023-12-27 18:09:03.092173,0 days 00:00:00.368935,False,336,5,0.0028142680519294963,COMPLETE
98,98,-6.511291783247597,2023-12-27 18:09:03.094175,2023-12-27 18:09:03.390256,0 days 00:00:00.296081,False,16,5,0.003684353856315077,COMPLETE
99,99,-13.945584107296554,2023-12-27 18:09:03.391257,2023-12-27 18:09:03.731408,0 days 00:00:00.340151,False,224,4,0.0014415875893182978,COMPLETE
100,100,-39.31090938016306,2023-12-27 18:09:03.732409,2023-12-27 18:09:04.046503,0 days 00:00:00.314094,False,48,3,0.0021529679325942583,COMPLETE
101,101,-3.3318513804628944,2023-12-27 18:09:04.047505,2023-12-27 18:09:04.345881,0 days 00:00:00.298376,False,224,5,0.004353201181414858,COMPLETE
102,102,-4.001761827629027,2023-12-27 18:09:04.346883,2023-12-27 18:09:04.721192,0 days 00:00:00.374309,False,272,5,0.004012939514490611,COMPLETE
103,103,-21.278036482038136,2023-12-27 18:09:04.722193,2023-12-27 18:09:05.093956,0 days 00:00:00.371763,False,256,5,0.006289228227198862,COMPLETE
104,104,-23.174320737719004,2023-12-27 18:09:05.093956,2023-12-27 18:09:05.454586,0 days 00:00:00.360630,False,240,5,0.005176144555254896,COMPLETE
105,105,-13.830624070687715,2023-12-27 18:09:05.455586,2023-12-27 18:09:05.810179,0 days 00:00:00.354593,False,192,5,0.003229760627438206,COMPLETE
106,106,-15.541608306836684,2023-12-27 18:09:05.812181,2023-12-27 18:09:06.111175,0 days 00:00:00.298994,True,80,5,0.0024842557909855113,COMPLETE
107,107,-3.495513635103367,2023-12-27 18:09:06.112174,2023-12-27 18:09:06.414574,0 days 00:00:00.302400,False,208,5,0.004736749750913393,COMPLETE
108,108,-5.0955020916200855,2023-12-27 18:09:06.416575,2023-12-27 18:09:06.716910,0 days 00:00:00.300335,False,224,5,0.0017208903102021152,COMPLETE
109,109,-7.902194900626837,2023-12-27 18:09:06.717911,2023-12-27 18:09:07.064095,0 days 00:00:00.346184,False,288,4,0.003028698905118235,COMPLETE
110,110,-26.288468688975286,2023-12-27 18:09:07.065095,2023-12-27 18:09:07.351312,0 days 00:00:00.286217,False,144,5,0.008479143125237865,COMPLETE
111,111,-3.670737866327317,2023-12-27 18:09:07.353313,2023-12-27 18:09:07.725073,0 days 00:00:00.371760,False,224,5,0.00423504955638099,COMPLETE
112,112,-24.934719332345328,2023-12-27 18:09:07.726073,2023-12-27 18:09:08.096083,0 days 00:00:00.370010,False,256,5,0.006262083822957843,COMPLETE
113,113,-9.131182502161284,2023-12-27 18:09:08.097586,2023-12-27 18:09:08.448654,0 days 00:00:00.351068,False,240,5,0.004400504869198523,COMPLETE
114,114,-6.459093881973823,2023-12-27 18:09:08.449655,2023-12-27 18:09:08.736218,0 days 00:00:00.286563,False,224,5,0.003611518956272352,COMPLETE
115,115,-7.8511044230873255,2023-12-27 18:09:08.737218,2023-12-27 18:09:09.108817,0 days 00:00:00.371599,False,176,5,0.005244312483075655,COMPLETE
116,116,-7.7003328307802805,2023-12-27 18:09:09.109817,2023-12-27 18:09:09.463343,0 days 00:00:00.353526,False,192,5,0.002502981276873056,COMPLETE
117,117,-1.0188325911477072,2023-12-27 18:09:09.465344,2023-12-27 18:09:09.828001,0 days 00:00:00.362657,False,256,5,0.0019652185978836488,COMPLETE
118,118,-1.72876094290477,2023-12-27 18:09:09.829001,2023-12-27 18:09:10.079537,0 days 00:00:00.250536,False,272,3,0.0011905158590079542,COMPLETE
119,119,-1.7710887078664357,2023-12-27 18:09:10.080536,2023-12-27 18:09:10.378626,0 days 00:00:00.298090,False,320,3,0.0010806673605975926,COMPLETE
120,120,-2.124724955501798,2023-12-27 18:09:10.379627,2023-12-27 18:09:10.623289,0 days 00:00:00.243662,False,320,3,0.0010212812550121366,COMPLETE
121,121,-9.443469516953979,2023-12-27 18:09:10.624291,2023-12-27 18:09:10.878465,0 days 00:00:00.254174,False,320,3,0.0009224778480817425,COMPLETE
122,122,-1.3172125482034744,2023-12-27 18:09:10.879466,2023-12-27 18:09:11.128546,0 days 00:00:00.249080,False,336,3,0.0011393410120470475,COMPLETE
123,123,-4.996119343608358,2023-12-27 18:09:11.129547,2023-12-27 18:09:11.440073,0 days 00:00:00.310526,False,352,3,0.0010838411296481103,COMPLETE
124,124,-2.460064417597035,2023-12-27 18:09:11.441074,2023-12-27 18:09:11.691094,0 days 00:00:00.250020,False,336,3,0.0012344418320569,COMPLETE
125,125,-1.4693584793501795,2023-12-27 18:09:11.692096,2023-12-27 18:09:12.027000,0 days 00:00:00.334904,False,336,3,0.0011606346026012987,COMPLETE
126,126,-16.30563620202433,2023-12-27 18:09:12.028000,2023-12-27 18:09:12.351265,0 days 00:00:00.323265,False,336,3,0.0007781174401170452,COMPLETE
127,127,-3.21710834483756,2023-12-27 18:09:12.353268,2023-12-27 18:09:12.612420,0 days 00:00:00.259152,True,368,3,0.000998204198423596,COMPLETE
128,128,-2.4593843930529107,2023-12-27 18:09:12.613420,2023-12-27 18:09:12.923386,0 days 00:00:00.309966,False,320,3,0.0012238679396442296,COMPLETE
129,129,-11.542198181726725,2023-12-27 18:09:12.924389,2023-12-27 18:09:13.253724,0 days 00:00:00.329335,False,352,3,0.000704647775692188,COMPLETE
130,130,-9.065359813148472,2023-12-27 18:09:13.254725,2023-12-27 18:09:13.510793,0 days 00:00:00.256068,False,304,3,0.0014774942293778366,COMPLETE
131,131,-8.351356575987877,2023-12-27 18:09:13.511793,2023-12-27 18:09:13.827266,0 days 00:00:00.315473,False,336,3,0.001311549295222994,COMPLETE
132,132,-2.4840492532453697,2023-12-27 18:09:13.828267,2023-12-27 18:09:14.094718,0 days 00:00:00.266451,False,320,3,0.0011946844087333162,COMPLETE
133,133,-1.896255707616723,2023-12-27 18:09:14.095720,2023-12-27 18:09:14.408756,0 days 00:00:00.313036,False,320,3,0.0010362607595705506,COMPLETE
134,134,-10.69472288354336,2023-12-27 18:09:14.409756,2023-12-27 18:09:14.726410,0 days 00:00:00.316654,False,320,3,0.0009096220091118471,COMPLETE
135,135,-1.3843010383945078,2023-12-27 18:09:14.727409,2023-12-27 18:09:14.990129,0 days 00:00:00.262720,False,304,3,0.0010630679699598384,COMPLETE
136,136,-16.519099053386462,2023-12-27 18:09:14.991132,2023-12-27 18:09:15.282662,0 days 00:00:00.291530,False,304,3,0.0008042897189047157,COMPLETE
137,137,-5.956526268859962,2023-12-27 18:09:15.283663,2023-12-27 18:09:15.557838,0 days 00:00:00.274175,False,288,3,0.0006059823376405814,COMPLETE
138,138,-1.924690666386147,2023-12-27 18:09:15.558839,2023-12-27 18:09:15.895040,0 days 00:00:00.336201,False,368,3,0.0010128857525427445,COMPLETE
139,139,-5.310356462683889,2023-12-27 18:09:15.896041,2023-12-27 18:09:16.196575,0 days 00:00:00.300534,False,352,2,0.0014570274721356447,COMPLETE
140,140,-8.593897844863807,2023-12-27 18:09:16.197575,2023-12-27 18:09:16.473104,0 days 00:00:00.275529,False,272,3,0.00183759238311755,COMPLETE
141,141,-1.4130509965386517,2023-12-27 18:09:16.475106,2023-12-27 18:09:16.822147,0 days 00:00:00.347041,False,384,3,0.0010087145639977894,COMPLETE
142,142,-8.413099627865885,2023-12-27 18:09:16.823147,2023-12-27 18:09:17.171855,0 days 00:00:00.348708,False,400,3,0.0010859441133979383,COMPLETE
143,143,-0.6812009109406192,2023-12-27 18:09:17.171855,2023-12-27 18:09:17.453402,0 days 00:00:00.281547,False,368,3,0.000858128611000632,COMPLETE
144,144,-3.5491960002818503,2023-12-27 18:09:17.454402,2023-12-27 18:09:17.797119,0 days 00:00:00.342717,False,384,3,0.0008343285946433686,COMPLETE
145,145,-4.798139389307217,2023-12-27 18:09:17.798121,2023-12-27 18:09:18.144478,0 days 00:00:00.346357,False,384,3,0.0016175119587255684,COMPLETE
146,146,-9.940002979687822,2023-12-27 18:09:18.145479,2023-12-27 18:09:18.487410,0 days 00:00:00.341931,False,416,3,0.0014052312446094486,COMPLETE
147,147,-0.67775564983724,2023-12-27 18:09:18.488409,2023-12-27 18:09:18.768934,0 days 00:00:00.280525,False,304,3,0.0019223295137834472,COMPLETE
148,148,-9.37984839571931,2023-12-27 18:09:18.769936,2023-12-27 18:09:19.103684,0 days 00:00:00.333748,False,448,3,0.0019230371893057792,COMPLETE
