,number,value,datetime_start,datetime_complete,duration,params_batcher,params_hidden_dim,params_k,params_learning_rate,state
0,0,0.8612508180404213,2023-12-21 00:51:03.777602,2023-12-21 00:53:13.025120,0 days 00:02:09.247518,True,272,4,0.0003508829737558717,COMPLETE
1,1,0.9048524827713831,2023-12-21 00:53:13.027118,2023-12-21 00:55:20.016981,0 days 00:02:06.989863,True,416,3,0.0005115964004865398,COMPLETE
2,2,-179.63784086390714,2023-12-21 00:55:20.017978,2023-12-21 00:57:27.202849,0 days 00:02:07.184871,True,80,4,1.1071281645793394e-05,COMPLETE
3,3,0.9212202873969977,2023-12-21 00:57:27.204849,2023-12-21 00:59:34.418805,0 days 00:02:07.213956,True,112,3,0.003365359067528299,COMPLETE
4,4,-75.53338789198128,2023-12-21 00:59:34.420804,2023-12-21 01:01:41.619147,0 days 00:02:07.198343,True,336,1,1.63049405758296e-05,COMPLETE
5,5,-133.35363825431972,2023-12-21 01:01:41.620148,2023-12-21 01:03:48.753447,0 days 00:02:07.133299,False,48,4,7.917097609542007e-05,COMPLETE
6,6,0.8976663627812069,2023-12-21 01:03:48.755447,2023-12-21 01:05:56.146481,0 days 00:02:07.391034,True,464,1,0.0006504223334554815,COMPLETE
7,7,0.46410469475846716,2023-12-21 01:05:56.147480,2023-12-21 01:08:03.569150,0 days 00:02:07.421670,False,272,4,0.00013981894238358268,COMPLETE
8,8,0.8240029166260125,2023-12-21 01:08:03.570150,2023-12-21 01:10:10.624572,0 days 00:02:07.054422,False,336,3,0.009990811559494632,COMPLETE
9,9,0.4853084638337948,2023-12-21 01:10:10.626572,2023-12-21 01:12:17.762828,0 days 00:02:07.136256,False,96,1,0.0014814761129170785,COMPLETE
10,10,0.9108768920417489,2023-12-21 01:12:17.763826,2023-12-21 01:14:25.235571,0 days 00:02:07.471745,True,160,2,0.003485346230821901,COMPLETE
11,11,0.926664019961042,2023-12-21 01:14:25.237571,2023-12-21 01:16:33.779222,0 days 00:02:08.541651,True,160,2,0.005287422895610898,COMPLETE
12,12,0.9661214172600927,2023-12-21 01:16:33.781221,2023-12-21 01:18:42.882701,0 days 00:02:09.101480,True,176,2,0.00838568164960482,COMPLETE
13,13,0.9674057656138066,2023-12-21 01:18:42.883701,2023-12-21 01:20:50.139409,0 days 00:02:07.255708,True,176,2,0.007815380750075913,COMPLETE
14,14,0.9471263994290438,2023-12-21 01:20:50.140409,2023-12-21 01:22:59.281939,0 days 00:02:09.141530,True,192,2,0.009293529910170307,COMPLETE
15,15,0.2186797303732384,2023-12-21 01:22:59.282939,2023-12-21 01:25:06.594245,0 days 00:02:07.311306,True,16,5,0.0017472970900585098,COMPLETE
16,16,0.9285686922674395,2023-12-21 01:25:06.595242,2023-12-21 01:27:15.656331,0 days 00:02:09.061089,True,208,2,0.0016837618413114005,COMPLETE
17,17,0.9550287903528009,2023-12-21 01:27:15.658330,2023-12-21 01:29:24.267275,0 days 00:02:08.608945,True,224,2,0.0053282921197039205,COMPLETE
18,18,0.9199212695223977,2023-12-21 01:29:24.268274,2023-12-21 01:31:30.437089,0 days 00:02:06.168815,False,320,3,0.0009682565957829285,COMPLETE
19,19,0.9222634850012401,2023-12-21 01:31:30.438090,2023-12-21 01:33:36.553332,0 days 00:02:06.115242,True,144,1,0.00273577336650735,COMPLETE
20,20,0.9305988704824404,2023-12-21 01:33:36.554334,2023-12-21 01:35:42.710499,0 days 00:02:06.156165,True,240,2,0.008799737453889041,COMPLETE
21,21,0.9591141989757992,2023-12-21 01:35:42.712500,2023-12-21 01:37:48.836918,0 days 00:02:06.124418,True,208,2,0.005602380575284051,COMPLETE
22,22,0.9584854203363518,2023-12-21 01:37:48.838918,2023-12-21 01:39:54.856957,0 days 00:02:06.018039,True,176,2,0.004800413520671554,COMPLETE
23,23,0.9083053549058032,2023-12-21 01:39:54.857957,2023-12-21 01:42:00.622719,0 days 00:02:05.764762,True,128,3,0.002621068579540539,COMPLETE
24,24,0.9702878454629891,2023-12-21 01:42:00.623718,2023-12-21 01:44:06.660653,0 days 00:02:06.036935,True,304,1,0.005691294800084948,COMPLETE
25,25,0.8346787289653523,2023-12-21 01:44:06.662655,2023-12-21 01:46:12.584559,0 days 00:02:05.921904,True,384,1,0.009169811527985985,COMPLETE
26,26,0.9355771439809383,2023-12-21 01:46:12.585558,2023-12-21 01:48:18.506854,0 days 00:02:05.921296,False,304,1,0.002355840922899993,COMPLETE
27,27,0.937264313626739,2023-12-21 01:48:18.507846,2023-12-21 01:50:24.525047,0 days 00:02:06.017201,True,512,1,0.0012155600855221942,COMPLETE
28,28,0.9586792096350543,2023-12-21 01:50:24.526045,2023-12-21 01:52:30.689987,0 days 00:02:06.163942,True,272,2,0.004414451160873471,COMPLETE
29,29,0.9506324348268894,2023-12-21 01:52:30.690986,2023-12-21 01:54:36.815945,0 days 00:02:06.124959,True,368,1,0.006473545123145402,COMPLETE
30,30,0.9487952126261104,2023-12-21 01:54:36.817945,2023-12-21 01:56:42.658774,0 days 00:02:05.840829,True,240,5,0.003510352488835517,COMPLETE
31,31,0.9690930180287725,2023-12-21 01:56:42.659774,2023-12-21 01:58:49.006607,0 days 00:02:06.346833,True,208,2,0.005221258129084579,COMPLETE
32,32,0.9282329229912166,2023-12-21 01:58:49.007607,2023-12-21 02:00:57.351939,0 days 00:02:08.344332,True,288,3,0.006300654322376162,COMPLETE
33,33,0.9361819849877959,2023-12-21 02:00:57.353943,2023-12-21 02:03:03.318734,0 days 00:02:05.964791,True,240,2,0.0022711373351136095,COMPLETE
34,34,0.9339181596512564,2023-12-21 02:03:03.319733,2023-12-21 02:05:09.322309,0 days 00:02:06.002576,True,192,3,0.003922001188430174,COMPLETE
35,35,0.9257122274571277,2023-12-21 02:05:09.324309,2023-12-21 02:07:15.425493,0 days 00:02:06.101184,True,64,2,0.006658909142594384,COMPLETE
36,36,0.9008823528973166,2023-12-21 02:07:15.426492,2023-12-21 02:09:21.371906,0 days 00:02:05.945414,True,96,3,0.0036242476841572033,COMPLETE
37,37,0.7401921478289474,2023-12-21 02:09:21.372866,2023-12-21 02:11:27.604255,0 days 00:02:06.231389,True,128,1,0.0009617897280900832,COMPLETE
38,38,0.9654170790173746,2023-12-21 02:11:27.605254,2023-12-21 02:13:33.610942,0 days 00:02:06.005688,False,368,1,0.007133989962403999,COMPLETE
39,39,0.8927209001753489,2023-12-21 02:13:33.612942,2023-12-21 02:15:39.827524,0 days 00:02:06.214582,True,256,2,0.00994795772779898,COMPLETE
40,40,0.9283127820249293,2023-12-21 02:15:39.828524,2023-12-21 02:17:58.209628,0 days 00:02:18.381104,True,432,3,0.0005542530901563719,COMPLETE
41,41,0.9625815516658927,2023-12-21 02:17:58.210629,2023-12-21 02:20:06.434323,0 days 00:02:08.223694,False,368,1,0.006351129828992275,COMPLETE
42,42,0.9726405101727297,2023-12-21 02:20:06.436323,2023-12-21 02:22:17.361350,0 days 00:02:10.925027,False,416,1,0.007258302132385229,COMPLETE
43,43,0.9603784834656105,2023-12-21 02:22:17.362350,2023-12-21 02:24:23.374776,0 days 00:02:06.012426,False,448,1,0.0039799187146630595,COMPLETE
44,44,0.9686613852203948,2023-12-21 02:24:23.376776,2023-12-21 02:26:34.669631,0 days 00:02:11.292855,False,400,4,0.0029230630931016003,COMPLETE
45,45,0.9773270908276818,2023-12-21 02:26:34.670630,2023-12-21 02:28:52.099063,0 days 00:02:17.428433,False,480,4,0.0026035485762077337,COMPLETE
46,46,0.9690743732922623,2023-12-21 02:28:52.101063,2023-12-21 02:31:14.897245,0 days 00:02:22.796182,False,496,4,0.0024553475448575862,COMPLETE
47,47,0.9689611381616098,2023-12-21 02:31:14.898245,2023-12-21 02:33:37.595157,0 days 00:02:22.696912,False,496,4,0.0022948383808070335,COMPLETE
48,48,0.9194339800969404,2023-12-21 02:33:37.597157,2023-12-21 02:36:00.261371,0 days 00:02:22.664214,False,464,4,0.004683374824168281,COMPLETE
49,49,0.8812478206688434,2023-12-21 02:36:00.263371,2023-12-21 02:38:30.567829,0 days 00:02:30.304458,False,480,5,0.00036181493357352417,COMPLETE
