,number,value,datetime_start,datetime_complete,duration,params_batcher,params_hidden_dim,params_k,params_learning_rate,state
149,149,0.17971325933631638,2023-12-27 19:06:50.798180,2023-12-27 19:07:00.829707,0 days 00:00:10.031527,False,464,5,0.001778991088612108,COMPLETE
